Warning[205] D:\ELECTRONICA DIGITAL 2\PROYECTOS DE EJEMPLO\PRIMERPROYECTOBIS.X\PRIMERPROYECTOBIS.ASM 1 : Found directive in column 1. (list)
Warning[205] D:\ELECTRONICA DIGITAL 2\PROYECTOS DE EJEMPLO\PRIMERPROYECTOBIS.X\PRIMERPROYECTOBIS.ASM 12 : Found directive in column 1. (ORG)
Warning[203] D:\ELECTRONICA DIGITAL 2\PROYECTOS DE EJEMPLO\PRIMERPROYECTOBIS.X\PRIMERPROYECTOBIS.ASM 14 : Found opcode in column 1. (goto)
Warning[203] D:\ELECTRONICA DIGITAL 2\PROYECTOS DE EJEMPLO\PRIMERPROYECTOBIS.X\PRIMERPROYECTOBIS.ASM 17 : Found opcode in column 1. (bcf)
Warning[203] D:\ELECTRONICA DIGITAL 2\PROYECTOS DE EJEMPLO\PRIMERPROYECTOBIS.X\PRIMERPROYECTOBIS.ASM 18 : Found opcode in column 1. (bsf)
Warning[203] D:\ELECTRONICA DIGITAL 2\PROYECTOS DE EJEMPLO\PRIMERPROYECTOBIS.X\PRIMERPROYECTOBIS.ASM 19 : Found opcode in column 1. (clrf)
Message[302] D:\ELECTRONICA DIGITAL 2\PROYECTOS DE EJEMPLO\PRIMERPROYECTOBIS.X\PRIMERPROYECTOBIS.ASM 19 : Register in operand not in bank 0.  Ensure that bank bits are correct.
Warning[203] D:\ELECTRONICA DIGITAL 2\PROYECTOS DE EJEMPLO\PRIMERPROYECTOBIS.X\PRIMERPROYECTOBIS.ASM 20 : Found opcode in column 1. (bcf)
Warning[203] D:\ELECTRONICA DIGITAL 2\PROYECTOS DE EJEMPLO\PRIMERPROYECTOBIS.X\PRIMERPROYECTOBIS.ASM 23 : Found opcode in column 1. (btfsc)
Warning[203] D:\ELECTRONICA DIGITAL 2\PROYECTOS DE EJEMPLO\PRIMERPROYECTOBIS.X\PRIMERPROYECTOBIS.ASM 24 : Found opcode in column 1. (goto)
Warning[203] D:\ELECTRONICA DIGITAL 2\PROYECTOS DE EJEMPLO\PRIMERPROYECTOBIS.X\PRIMERPROYECTOBIS.ASM 25 : Found opcode in column 1. (btfss)
Warning[203] D:\ELECTRONICA DIGITAL 2\PROYECTOS DE EJEMPLO\PRIMERPROYECTOBIS.X\PRIMERPROYECTOBIS.ASM 26 : Found opcode in column 1. (goto)
Warning[203] D:\ELECTRONICA DIGITAL 2\PROYECTOS DE EJEMPLO\PRIMERPROYECTOBIS.X\PRIMERPROYECTOBIS.ASM 29 : Found opcode in column 1. (btfsc)
Warning[203] D:\ELECTRONICA DIGITAL 2\PROYECTOS DE EJEMPLO\PRIMERPROYECTOBIS.X\PRIMERPROYECTOBIS.ASM 30 : Found opcode in column 1. (goto)
Warning[203] D:\ELECTRONICA DIGITAL 2\PROYECTOS DE EJEMPLO\PRIMERPROYECTOBIS.X\PRIMERPROYECTOBIS.ASM 31 : Found opcode in column 1. (btfss)
Warning[203] D:\ELECTRONICA DIGITAL 2\PROYECTOS DE EJEMPLO\PRIMERPROYECTOBIS.X\PRIMERPROYECTOBIS.ASM 32 : Found opcode in column 1. (goto)
Warning[203] D:\ELECTRONICA DIGITAL 2\PROYECTOS DE EJEMPLO\PRIMERPROYECTOBIS.X\PRIMERPROYECTOBIS.ASM 35 : Found opcode in column 1. (btfsc)
Warning[203] D:\ELECTRONICA DIGITAL 2\PROYECTOS DE EJEMPLO\PRIMERPROYECTOBIS.X\PRIMERPROYECTOBIS.ASM 36 : Found opcode in column 1. (goto)
Warning[203] D:\ELECTRONICA DIGITAL 2\PROYECTOS DE EJEMPLO\PRIMERPROYECTOBIS.X\PRIMERPROYECTOBIS.ASM 37 : Found opcode in column 1. (btfss)
Warning[203] D:\ELECTRONICA DIGITAL 2\PROYECTOS DE EJEMPLO\PRIMERPROYECTOBIS.X\PRIMERPROYECTOBIS.ASM 38 : Found opcode in column 1. (goto)
Warning[203] D:\ELECTRONICA DIGITAL 2\PROYECTOS DE EJEMPLO\PRIMERPROYECTOBIS.X\PRIMERPROYECTOBIS.ASM 41 : Found opcode in column 1. (btfsc)
Warning[203] D:\ELECTRONICA DIGITAL 2\PROYECTOS DE EJEMPLO\PRIMERPROYECTOBIS.X\PRIMERPROYECTOBIS.ASM 42 : Found opcode in column 1. (goto)
Warning[203] D:\ELECTRONICA DIGITAL 2\PROYECTOS DE EJEMPLO\PRIMERPROYECTOBIS.X\PRIMERPROYECTOBIS.ASM 43 : Found opcode in column 1. (btfss)
Warning[203] D:\ELECTRONICA DIGITAL 2\PROYECTOS DE EJEMPLO\PRIMERPROYECTOBIS.X\PRIMERPROYECTOBIS.ASM 44 : Found opcode in column 1. (goto)
Warning[203] D:\ELECTRONICA DIGITAL 2\PROYECTOS DE EJEMPLO\PRIMERPROYECTOBIS.X\PRIMERPROYECTOBIS.ASM 47 : Found opcode in column 1. (bsf)
Warning[203] D:\ELECTRONICA DIGITAL 2\PROYECTOS DE EJEMPLO\PRIMERPROYECTOBIS.X\PRIMERPROYECTOBIS.ASM 48 : Found opcode in column 1. (goto)
Warning[203] D:\ELECTRONICA DIGITAL 2\PROYECTOS DE EJEMPLO\PRIMERPROYECTOBIS.X\PRIMERPROYECTOBIS.ASM 50 : Found opcode in column 1. (bcf)
Warning[203] D:\ELECTRONICA DIGITAL 2\PROYECTOS DE EJEMPLO\PRIMERPROYECTOBIS.X\PRIMERPROYECTOBIS.ASM 51 : Found opcode in column 1. (goto)
Warning[203] D:\ELECTRONICA DIGITAL 2\PROYECTOS DE EJEMPLO\PRIMERPROYECTOBIS.X\PRIMERPROYECTOBIS.ASM 54 : Found opcode in column 1. (bsf)
Warning[203] D:\ELECTRONICA DIGITAL 2\PROYECTOS DE EJEMPLO\PRIMERPROYECTOBIS.X\PRIMERPROYECTOBIS.ASM 55 : Found opcode in column 1. (goto)
Warning[203] D:\ELECTRONICA DIGITAL 2\PROYECTOS DE EJEMPLO\PRIMERPROYECTOBIS.X\PRIMERPROYECTOBIS.ASM 57 : Found opcode in column 1. (bcf)
Warning[203] D:\ELECTRONICA DIGITAL 2\PROYECTOS DE EJEMPLO\PRIMERPROYECTOBIS.X\PRIMERPROYECTOBIS.ASM 58 : Found opcode in column 1. (goto)
Warning[203] D:\ELECTRONICA DIGITAL 2\PROYECTOS DE EJEMPLO\PRIMERPROYECTOBIS.X\PRIMERPROYECTOBIS.ASM 61 : Found opcode in column 1. (bsf)
Warning[203] D:\ELECTRONICA DIGITAL 2\PROYECTOS DE EJEMPLO\PRIMERPROYECTOBIS.X\PRIMERPROYECTOBIS.ASM 62 : Found opcode in column 1. (goto)
Warning[203] D:\ELECTRONICA DIGITAL 2\PROYECTOS DE EJEMPLO\PRIMERPROYECTOBIS.X\PRIMERPROYECTOBIS.ASM 64 : Found opcode in column 1. (bcf)
Warning[203] D:\ELECTRONICA DIGITAL 2\PROYECTOS DE EJEMPLO\PRIMERPROYECTOBIS.X\PRIMERPROYECTOBIS.ASM 65 : Found opcode in column 1. (goto)
Warning[203] D:\ELECTRONICA DIGITAL 2\PROYECTOS DE EJEMPLO\PRIMERPROYECTOBIS.X\PRIMERPROYECTOBIS.ASM 68 : Found opcode in column 1. (bsf)
Warning[203] D:\ELECTRONICA DIGITAL 2\PROYECTOS DE EJEMPLO\PRIMERPROYECTOBIS.X\PRIMERPROYECTOBIS.ASM 69 : Found opcode in column 1. (goto)
Warning[203] D:\ELECTRONICA DIGITAL 2\PROYECTOS DE EJEMPLO\PRIMERPROYECTOBIS.X\PRIMERPROYECTOBIS.ASM 71 : Found opcode in column 1. (bcf)
Warning[203] D:\ELECTRONICA DIGITAL 2\PROYECTOS DE EJEMPLO\PRIMERPROYECTOBIS.X\PRIMERPROYECTOBIS.ASM 72 : Found opcode in column 1. (goto)
Warning[205] D:\ELECTRONICA DIGITAL 2\PROYECTOS DE EJEMPLO\PRIMERPROYECTOBIS.X\PRIMERPROYECTOBIS.ASM 74 : Found directive in column 1. (end)
