MPASM 5.66            PROYECTOFINAL-V2.2.ASM   6-9-2016  21:13:56         PAGE  1


LOC  OBJECT CODE     LINE SOURCE TEXT
  VALUE

                      00001   list p=16f887
                      00002 #include "p16f887.inc"
                      00001         LIST
                      00002 
                      00003 ;==========================================================================
                      00004 ; Build date : Feb 01 2016
                      00005 ;  MPASM PIC16F887 processor include
                      00006 ; 
                      00007 ;  (c) Copyright 1999-2016 Microchip Technology, All rights reserved
                      00008 ;==========================================================================
                      00009 
                      00810         LIST
                      00003 
                      00004 ; CONFIG1
                      00005 ; __config 0xFFE1
2007   27E1           00006  __CONFIG _CONFIG1, _FOSC_XT & _WDTE_OFF & _PWRTE_ON & _MCLRE_ON & _CP_OFF & _CPD_OFF & _BOREN_ON & _IES
                            O_ON & _FCMEN_OFF & _LVP_OFF
                      00007 ; CONFIG2
                      00008 ; __config 0xFFFF
2008   3FFF           00009  __CONFIG _CONFIG2, _BOR4V_BOR40V & _WRT_OFF
                      00010  
                      00011 ;CONSTANTES
                      00012 
  00000002            00013 dato equ d'2'           ;indica el pin de salida de datos
  00000001            00014 clk equ d'1'            ;indica el pin de clock
  00000003            00015 latch equ d'3'          ;indica el pin de señal de latch
  00000005            00016 caracteres equ d'5'     ;indica la cantidad de caracteres a mostrar
  00000006            00017 anchoChar equ d'6'      ;indica el ancho de cara caracter
  00000006            00018 carga equ d'6'          ;indica la carga del timer 0
  00000005            00019 multiplicador equ d'5'  ;indica cuántas veces debe interrumpir el timer para incrementar el reloj
  00000000            00020 conSinPt equ d'0'       ;bandera que me indica si muestro los dos puntos o no en el modo reloj
                      00021 
                      00022  
                      00023  
                      00024 ;REGISTROS
                      00025  
  00000020            00026 numChar equ 0x20
  00000021            00027 filAux equ 0x21
  00000022            00028 numBits equ 0x22
  00000023            00029 numFila equ 0x23
  00000024            00030 char5 equ 0x24
  00000025            00031 char4 equ 0x25
  00000026            00032 char3 equ 0x26
  00000027            00033 char2 equ 0x27
  00000028            00034 char1 equ 0x28
  00000029            00035 mult equ 0x29
  0000002A            00036 relojMinutoL equ 0x2A
  0000002B            00037 relojMinutoH equ 0x2B
  0000002C            00038 relojSeparador equ 0x2C
  0000002D            00039 relojHoraL equ 0x2D
  0000002E            00040 relojHoraH equ 0x2E
  0000002F            00041 sePuedeInc equ 0x2F
  00000030            00042 unidadAux equ 0x30
MPASM 5.66            PROYECTOFINAL-V2.2.ASM   6-9-2016  21:13:56         PAGE  2


LOC  OBJECT CODE     LINE SOURCE TEXT
  VALUE

  00000031            00043 decenaAux equ 0x31
  00000032            00044 centenaAux equ 0x32
  00000033            00045 unmilAux equ 0x33
  00000034            00046 minutoLAux equ 0x34
  00000035            00047 minutoHAux equ 0x35
  00000036            00048 horaLAux equ 0x36
  00000037            00049 horaHAux equ 0x37
  00000038            00050 banderas equ 0x38
                      00051 
                      00052 
                      00053  
Warning[205]: Found directive in column 1. (org)
                      00054 org 0x00
0000   2???           00055     goto COMIENZO
Warning[205]: Found directive in column 1. (org)
                      00056 org 0x04
0004   2???           00057     goto INTERRUPCIONES
                      00058    ; #include "tablaCaracteres.inc"
                      00059     
0005                  00060 COMIENZO
0005   30A0           00061     movlw b'10100000'
0006   008B           00062     movwf INTCON ; configuro las interrupciones por desbordamiento de timer 0
0007   3006           00063     movlw carga
0008   0081           00064     movwf TMR0 ; cargo timer con 6
0009   1683           00065     bsf STATUS,RP0 ; banco 1
000A   30D2           00066     movlw b'11010010'
Message[302]: Register in operand not in bank 0.  Ensure that bank bits are correct.
000B   0081           00067     movwf OPTION_REG ; configuro flancos y prescaler (x4)
Message[302]: Register in operand not in bank 0.  Ensure that bank bits are correct.
000C   0188           00068     clrf TRISD ; puerto D como salida
Message[302]: Register in operand not in bank 0.  Ensure that bank bits are correct.
000D   0187           00069     clrf TRISC ; puerto C como salida
000E   1283           00070     bcf STATUS, RP0 ; banco 0
000F   30FF           00071     movlw 0xFF
0010   0088           00072     movwf PORTD ; todas las salidas en alto para inhabilitar el display
0011   0187           00073     clrf PORTC ; todas las salidas en bajo por defecto
0012   3023           00074     movlw "#"
0013   00A4           00075     movwf char5
0014   3041           00076     movlw "A"
0015   00A5           00077     movwf char4
0016   3054           00078     movlw "T"
0017   00A6           00079     movwf char3
0018   3055           00080     movlw "U"
0019   00A7           00081     movwf char2
001A   3050           00082     movlw "P"
001B   00A8           00083     movwf char1
001C   3030           00084     movlw "0"
001D   00AA           00085     movwf relojMinutoL ;inicializo los caracteres del reloj
001E   3030           00086     movlw "0"
001F   00AB           00087     movwf relojMinutoH
0020   3030           00088     movlw "0"
0021   00AD           00089     movwf relojHoraL
0022   3030           00090     movlw "0"
MPASM 5.66            PROYECTOFINAL-V2.2.ASM   6-9-2016  21:13:56         PAGE  3


LOC  OBJECT CODE     LINE SOURCE TEXT
  VALUE

0023   00AE           00091     movwf relojHoraH
0024   303A           00092     movlw ":"
0025   00AC           00093     movwf relojSeparador
0026   3005           00094     movlw caracteres
0027   00A0           00095     movwf numChar
0028   01A1           00096     clrf filAux
0029   01A3           00097     clrf numFila
002A   3006           00098     movlw anchoChar
002B   00A2           00099     movwf numBits
002C   3014           00100     movlw d'20'
002D   00A9           00101     movwf mult
002E   3005           00102     movlw multiplicador
002F   00AF           00103     movwf sePuedeInc
0030   01B0           00104     clrf unidadAux
0031   01B1           00105     clrf decenaAux
0032   01B2           00106     clrf centenaAux
0033   01B3           00107     clrf unmilAux
0034   01B4           00108     clrf minutoLAux
0035   01B5           00109     clrf minutoHAux
0036   01B6           00110     clrf horaLAux
0037   01B7           00111     clrf horaHAux
0038   01B8           00112     clrf banderas
0039   3009           00113     movlw d'9'
003A   00B4           00114     movwf minutoLAux
003B   3005           00115     movlw d'5'
003C   00B5           00116     movwf minutoHAux
003D   3003           00117     movlw d'3'
003E   00B6           00118     movwf horaLAux
003F   3002           00119     movlw d'2'
0040   00B7           00120     movwf horaHAux
                      00121     
0041                  00122 CONTROLPRINCIPAL  
0041   1C38           00123     btfss banderas,conSinPt
0042   2???           00124     goto PONERPUNTOS
0043   2???           00125     goto BORRARPUNTOS
                      00126     
0044                  00127 PONERPUNTOS
0044   303A           00128     movlw ":"
0045   00AC           00129     movwf relojSeparador
0046   2???           00130     goto CONTROLPRINCIPAL
                      00131     
0047                  00132 BORRARPUNTOS
0047   3020           00133     movlw " "
0048   00AC           00134     movwf relojSeparador
0049   2???           00135     goto CONTROLPRINCIPAL
                      00136     
004A                  00137 INTERRUPCIONES
004A   190B           00138     btfsc INTCON,T0IF ; fue interrupcion de timer 0?
004B   2???           00139     goto TIMER ; si
                      00140     
004C                  00141 TIMER
004C   3006           00142     movlw carga
004D   0081           00143     movwf TMR0
MPASM 5.66            PROYECTOFINAL-V2.2.ASM   6-9-2016  21:13:56         PAGE  4


LOC  OBJECT CODE     LINE SOURCE TEXT
  VALUE

004E   302A           00144     movlw 0x2A
004F   0084           00145     movwf FSR
0050   2???           00146     call CARGARDATOS
0051   0BAF           00147     decfsz sePuedeInc,1 ; ya es hora de incrementar el reloj?
0052   2???           00148     goto FINCUENTA ; No
0053   2???           00149     call INCREMENTOHORA ;Si
0054                  00150 AASCII ; codifico valor binario que quiero mostrar en pantalla en codigo ascii
0054   3030           00151     movlw d'48'
0055   0734           00152     addwf minutoLAux,0
0056   00AA           00153     movwf relojMinutoL
0057   3030           00154     movlw d'48'
0058   0735           00155     addwf minutoHAux,0
0059   00AB           00156     movwf relojMinutoH
005A   3030           00157     movlw d'48'
005B   0736           00158     addwf horaLAux,0
005C   00AD           00159     movwf relojHoraL
005D   3030           00160     movlw d'48'
005E   0737           00161     addwf horaHAux,0
005F   00AE           00162     movwf relojHoraH
0060                  00163 CAMBIOBANDERA
0060   0831           00164     movf decenaAux,0
0061   1D03           00165     btfss STATUS,Z
0062   2???           00166     goto FINCUENTA
0063   0830           00167     movf unidadAux,0
0064   1D03           00168     btfss STATUS,Z
0065   2???           00169     goto FINCUENTA
0066   3001           00170     movlw d'1'
0067   06B8           00171     xorwf banderas,1
0068                  00172 FINCUENTA
0068   110B           00173     bcf INTCON,T0IF
0069   0009           00174     retfie
                      00175     
006A                  00176 INCREMENTOHORA
006A   2???           00177     call INCUNIDAD ;incrementa una centecima
006B   1903           00178     btfsc STATUS,Z
006C   2???           00179     call INCDECENA ;incrementa una decima
006D   1903           00180     btfsc STATUS,Z
006E   2???           00181     call INCCENTENA ;incrementa un segundo
006F   1903           00182     btfsc STATUS,Z
0070   2???           00183     call INCUNMIL ; incrementa una decena de segundos
0071   1903           00184     btfsc STATUS,Z
0072   2???           00185     call INCMINUTOL ; incrementa un minuto
0073   1903           00186     btfsc STATUS,Z
0074   2???           00187     call INCMINUTOH ;incrementa una decena de minutos
0075   1903           00188     btfsc STATUS,Z
0076   2???           00189     call INCHORAL ;incrementa una hora
0077   1903           00190     btfsc STATUS,Z
0078   2???           00191     call INCHORAH ;incrementa una decena de horas
0079   3005           00192     movlw multiplicador ; constante a cargar en sePuedeInc que cuenta los nros de int poor timer de espe
                            ra para incrementar
007A   00AF           00193     movwf sePuedeInc
007B   0008           00194     return
                      00195     
MPASM 5.66            PROYECTOFINAL-V2.2.ASM   6-9-2016  21:13:56         PAGE  5


LOC  OBJECT CODE     LINE SOURCE TEXT
  VALUE

007C                  00196 INCUNIDAD
007C   0AB0           00197     incf unidadAux,1
007D   300A           00198     movlw d'10'
007E   0630           00199     xorwf unidadAux,0
007F   1903           00200     btfsc STATUS,Z
0080   01B0           00201     clrf unidadAux
0081   0008           00202     return
                      00203     
0082                  00204 INCDECENA
0082   0AB1           00205     incf decenaAux,1
0083   300A           00206     movlw d'10'
0084   0631           00207     xorwf decenaAux,0
0085   1903           00208     btfsc STATUS,Z
0086   01B1           00209     clrf decenaAux
0087   0008           00210     return
                      00211     
0088                  00212 INCCENTENA
0088   0AB2           00213     incf centenaAux,1
0089   300A           00214     movlw d'10'
008A   0632           00215     xorwf centenaAux,0
008B   1903           00216     btfsc STATUS,Z
008C   01B2           00217     clrf centenaAux
008D   0008           00218     return
                      00219     
008E                  00220 INCUNMIL
008E   0AB3           00221     incf unmilAux,1
008F   3006           00222     movlw d'6'
0090   0633           00223     xorwf unmilAux,0
0091   1903           00224     btfsc STATUS,Z
0092   01B3           00225     clrf unmilAux
0093   0008           00226     return
                      00227     
0094                  00228 INCMINUTOL
0094   0AB4           00229     incf minutoLAux,1
0095   300A           00230     movlw d'10'
0096   0634           00231     xorwf minutoLAux,0
0097   1903           00232     btfsc STATUS,Z
0098   01B4           00233     clrf minutoLAux
0099   0008           00234     return
                      00235     
009A                  00236 INCMINUTOH
009A   0AB5           00237     incf minutoHAux,1
009B   3006           00238     movlw d'6'
009C   0635           00239     xorwf minutoHAux,0
009D   1903           00240     btfsc STATUS,Z
009E   01B5           00241     clrf minutoHAux
009F   0008           00242     return
                      00243     
00A0                  00244 INCHORAL
00A0   0AB6           00245     incf horaLAux,1
00A1   3004           00246     movlw d'4'
00A2   0636           00247     xorwf horaLAux,0 
00A3   1D03           00248     btfss STATUS,Z ;llego a 4 horaLAux? si es así hay que verificar si horaHAux llegó a 2
MPASM 5.66            PROYECTOFINAL-V2.2.ASM   6-9-2016  21:13:56         PAGE  6


LOC  OBJECT CODE     LINE SOURCE TEXT
  VALUE

00A4   2???           00249     goto FININCHORAL ;no llegó a 4. entonces voy al final a verificar si llego a 10
00A5   3002           00250     movlw d'2'
00A6   0637           00251     xorwf horaHAux,0
00A7   1D03           00252     btfss STATUS,Z ;llego a 2 horaHAux? si es así hay que resetear horaLAux, y sino hay que verificar si
                             este llego a 10
00A8   2???           00253     goto FININCHORAL ;no llegó a 2. entonces voy al final a verificar si llego a 10
00A9   01B6           00254     clrf horaLAux ;si, borro dicho registro
00AA   0008           00255     return
00AB                  00256 FININCHORAL
00AB   300A           00257     movlw d'10'
00AC   0636           00258     xorwf horaLAux,0
00AD   1903           00259     btfsc STATUS,Z ;llego a 10 horaLAux?
00AE   01B6           00260     clrf horaLAux ;si
00AF   0008           00261     return ;no
                      00262 
00B0                  00263 INCHORAH
00B0   0AB7           00264     incf horaHAux,1
00B1   3003           00265     movlw d'3'
00B2   0637           00266     xorwf horaHAux,0
00B3   1903           00267     btfsc STATUS,Z
00B4   01B7           00268     clrf horaHAux
00B5   0008           00269     return
                      00270     
                      00271     
                      00272     
                      00273     
                      00274     
                      00275     #include "cargaDeDatos.inc"
00B6                  00001 CARGARDATOS
00B6   2???           00002     call CARGARCARACTER ;reemplaza a CARGARFILA
00B7   0A84           00003     incf FSR,1 ;apunto a la siguiente direccion para cargar la siguiente fila del siguiente caracter
Message[305]: Using default destination of 1 (file).
00B8   0BA0           00004     decfsz numChar ; cargué todos los caracteres?
00B9   2???           00005     goto CARGARDATOS ; ni
00BA   30FF           00006     movlw 0xFF
00BB   0088           00007     movwf PORTD ; si. pongo en alto la fila activa para inhabilitarla y cargar los datos de la fila sigu
                            iente
00BC   1587           00008     bsf PORTC,latch ;en alto el latch para mostrar los datos en los registros
00BD   2???           00009     call HABILITARFILA ; habilito la fila segun el numFila actualizado
00BE   1187           00010     bcf PORTC,latch ; en bajo el latch para la espera de los nuevos datos
00BF   2???           00011     call CAMBIOFILA ; modifico el valor del registro numFila
00C0   3005           00012     movlw caracteres
00C1   00A0           00013     movwf numChar ; cargo la cantidad de caracteres a mostrar en pantalla
00C2   0008           00014     return
                      00015     
00C3                  00016 CARGARCARACTER
00C3   2???           00017     call BUSCARFILA
00C4   00A1           00018     movwf filAux ; cargo la fila de cierto caracter que me retorna en w
00C5                  00019 CARGARBIT
00C5   1C21           00020     btfss filAux,0 ;es cero el primer bit de filAux?
00C6   2???           00021     goto PONERCERO ;si
00C7   2???           00022     goto PONERUNO ;no
00C8                  00023 ENVIARBIT ; da el pulso para que ingrese el dato al registro
MPASM 5.66            PROYECTOFINAL-V2.2.ASM   6-9-2016  21:13:56         PAGE  7


LOC  OBJECT CODE     LINE SOURCE TEXT
  VALUE

00C8   1087           00024     bcf PORTC,clk ;pongo en bajo el clock en espera al ingreso del nuevo dato
00C9   0000           00025     nop ;espera prudente
00CA   1487           00026     bsf PORTC,clk ; se ingresa el dato al registro
00CB                  00027 FINENVIO
00CB   0CA1           00028     rrf filAux,1 ; muevo un bit a la derecha para enviar el siguiente bit
Message[305]: Using default destination of 1 (file).
00CC   0BA2           00029     decfsz numBits ; ¿recorri todos los bits del ancho de la palabra?
00CD   2???           00030     goto CARGARBIT ; no
00CE   3006           00031     movlw anchoChar ;si, vuelvo a cargar el contador numBits con la cantidad anchoChar y salgo de la sub
                            rutina
00CF   00A2           00032     movwf numBits
00D0   0008           00033     return
                      00034     
00D1                  00035 PONERCERO
00D1   1107           00036     bcf PORTC,dato ; pongo en cero el bit saliente de datos
00D2   2???           00037     goto ENVIARBIT
                      00038     
00D3                  00039 PONERUNO
00D3   1507           00040     bsf PORTC,dato ; pongo en uno el bit saliente de datos
00D4   2???           00041     goto ENVIARBIT
                      00042     
00D5                  00043 CAMBIOFILA
Message[305]: Using default destination of 1 (file).
00D5   0AA3           00044     incf numFila
00D6   3008           00045     movlw d'8'
00D7   0623           00046     xorwf numFila,0
00D8   1903           00047     btfsc STATUS,Z
00D9   01A3           00048     clrf numFila
00DA   0008           00049     return
                      00050 
                      00051 
                      00052     org 0x100
0100                  00053 BUSCARFILA
0100   3001           00054     movlw b'00000001'
0101   008A           00055     movwf PCLATH
0102   3020           00056     movlw d'32'
0103   0200           00057     subwf INDF,0 ; resto 32 al valor de char 1,2,3,4 o 5 para poder acceder a una tabla (en ASCII, 16 = 
                            48 , si se resta, accederemos al caracter nro 0 (el 0))
0104                  00058 TABLA
Message[305]: Using default destination of 1 (file).
0104   0782           00059     addwf PCL ; le sumo el resultado de la resta a PCL para acceder a un determinado valor de la tabla
0105   2???           00060     goto ESPACIO        ; " "
0106   2???           00061     goto EXCL           ; "!"
0107   2???           00062     goto COMILLAD       ; """
0108   2???           00063     goto NUM            ; "#"
0109   2???           00064     goto PESO           ; "$"
010A   2???           00065     goto PORCENTAJE     ; "%"
010B   2???           00066     goto AMPERSAND      ; "&"
010C   2???           00067     goto COMILLAS       ; "'"
010D   2???           00068     goto PARENTESISAB   ; "("
010E   2???           00069     goto PARENTESISCER  ; ")"
010F   2???           00070     goto AST            ; "*"
0110   2???           00071     goto MAS            ; "+"
MPASM 5.66            PROYECTOFINAL-V2.2.ASM   6-9-2016  21:13:56         PAGE  8


LOC  OBJECT CODE     LINE SOURCE TEXT
  VALUE

0111   2???           00072     goto COMA           ; ","
0112   2???           00073     goto MENOS          ; "-"
0113   2???           00074     goto PUNTO          ; "."
0114   2???           00075     goto BARRA          ; "/"
0115   2???           00076     goto CERO           ; "0"
0116   2???           00077     goto UNO            ; "1"
0117   2???           00078     goto DOS            ; "2"
0118   2???           00079     goto TRES
0119   2???           00080     goto CUATRO
011A   2???           00081     goto CINCO
011B   2???           00082     goto SEIS
011C   2???           00083     goto SIETE
011D   2???           00084     goto OCHO
011E   2???           00085     goto NUEVE
011F   2???           00086     goto DOSPT          ; ":"
0120   2???           00087     goto PTCOMA         ; ";"
0121   2???           00088     goto MENOR          ; "<"
0122   2???           00089     goto IGUAL          ; "="
0123   2???           00090     goto MAYOR          ; ">"
0124   2???           00091     goto PREGUNTAC      ; "?"
0125   2???           00092     goto ARROBA         ; "@"
0126   2???           00093     goto A              ; "A"
0127   2???           00094     goto BE             ; "B"
0128   2???           00095     goto CE
0129   2???           00096     goto DEE
012A   2???           00097     goto E
012B   2???           00098     goto EFE
012C   2???           00099     goto G
012D   2???           00100     goto H
012E   2???           00101     goto I
012F   2???           00102     goto J
0130   2???           00103     goto K
0131   2???           00104     goto L
0132   2???           00105     goto M
0133   2???           00106     goto N
0134   2???           00107     goto O
0135   2???           00108     goto PE
0136   2???           00109     goto Q
0137   2???           00110     goto ERE
0138   2???           00111     goto ESE
0139   2???           00112     goto T
013A   2???           00113     goto U
013B   2???           00114     goto V
013C   2???           00115     goto WW
013D   2???           00116     goto X
013E   2???           00117     goto Y
013F   2???           00118     goto ZETA
                      00119     
0140                  00120 ESPACIO
0140   0823           00121     movf numFila,0
0141   0782           00122     addwf PCL,1
0142   3400           00123     retlw b'00000000'
0143   3400           00124     retlw b'00000000'
MPASM 5.66            PROYECTOFINAL-V2.2.ASM   6-9-2016  21:13:56         PAGE  9


LOC  OBJECT CODE     LINE SOURCE TEXT
  VALUE

0144   3400           00125     retlw b'00000000'
0145   3400           00126     retlw b'00000000'
0146   3400           00127     retlw b'00000000'
0147   3400           00128     retlw b'00000000'
0148   3400           00129     retlw b'00000000'
0149   3400           00130     retlw b'00000000'
                      00131     
014A                  00132 EXCL
014A   0823           00133     movf numFila,0
014B   0782           00134     addwf PCL,1
014C   340C           00135     retlw b'00001100'
014D   340C           00136     retlw b'00001100'
014E   340C           00137     retlw b'00001100'
014F   340C           00138     retlw b'00001100'
0150   340C           00139     retlw b'00001100'
0151   3400           00140     retlw b'00000000'
0152   340C           00141     retlw b'00001100'
0153   340C           00142     retlw b'00001100'
                      00143     
0154                  00144 COMILLAD
0154   0823           00145     movf numFila,0
0155   0782           00146     addwf PCL,1
0156   3424           00147     retlw b'00100100'
0157   3424           00148     retlw b'00100100'
0158   3424           00149     retlw b'00100100'
0159   3400           00150     retlw b'00000000'
015A   3400           00151     retlw b'00000000'
015B   3400           00152     retlw b'00000000'
015C   3400           00153     retlw b'00000000'
015D   3400           00154     retlw b'00000000'
                      00155     
015E                  00156 NUM
015E   0823           00157     movf numFila,0
015F   0782           00158     addwf PCL,1
0160   340A           00159     retlw b'00001010'
0161   340A           00160     retlw b'00001010'
0162   341F           00161     retlw b'00011111'
0163   340A           00162     retlw b'00001010'
0164   340A           00163     retlw b'00001010'
0165   341F           00164     retlw b'00011111'
0166   340A           00165     retlw b'00001010'
0167   340A           00166     retlw b'00001010'
                      00167     
0168                  00168 PESO
0168   0823           00169     movf numFila,0
0169   0782           00170     addwf PCL,1
016A   3404           00171     retlw b'00000100'
016B   340E           00172     retlw b'00001110'
016C   3415           00173     retlw b'00010101'
016D   3414           00174     retlw b'00010100'
016E   340E           00175     retlw b'00001110'
016F   3405           00176     retlw b'00000101'
0170   341E           00177     retlw b'00011110'
MPASM 5.66            PROYECTOFINAL-V2.2.ASM   6-9-2016  21:13:56         PAGE 10


LOC  OBJECT CODE     LINE SOURCE TEXT
  VALUE

0171   3404           00178     retlw b'00000100'
                      00179     
0172                  00180 PORCENTAJE
0172   0823           00181     movf numFila,0
0173   0782           00182     addwf PCL,1
0174   3400           00183     retlw b'00000000'
0175   3418           00184     retlw b'00011000'
0176   3419           00185     retlw b'00011001'
0177   3402           00186     retlw b'00000010'
0178   3404           00187     retlw b'00000100'
0179   3408           00188     retlw b'00001000'
017A   3413           00189     retlw b'00010011'
017B   3403           00190     retlw b'00000011'
                      00191     
017C                  00192 AMPERSAND
017C   0823           00193     movf numFila,0
017D   0782           00194     addwf PCL,1
017E   340C           00195     retlw b'00001100'
017F   3412           00196     retlw b'00010010'
0180   3412           00197     retlw b'00010010'
0181   340D           00198     retlw b'00001101'
0182   341E           00199     retlw b'00011110'
0183   3412           00200     retlw b'00010010'
0184   3412           00201     retlw b'00010010'
0185   340D           00202     retlw b'00001101'
                      00203     
0186                  00204 COMILLAS
0186   0823           00205     movf numFila,0
0187   0782           00206     addwf PCL,1
0188   3408           00207     retlw b'00001000'
0189   3408           00208     retlw b'00001000'
018A   3408           00209     retlw b'00001000'
018B   3400           00210     retlw b'00000000'
018C   3400           00211     retlw b'00000000'
018D   3400           00212     retlw b'00000000'
018E   3400           00213     retlw b'00000000'
018F   3400           00214     retlw b'00000000'
                      00215     
0190                  00216 PARENTESISAB
0190   0823           00217     movf numFila,0
0191   0782           00218     addwf PCL,1
0192   3407           00219     retlw b'00000111'
0193   340C           00220     retlw b'00001100'
0194   3418           00221     retlw b'00011000'
0195   3418           00222     retlw b'00011000'
0196   3418           00223     retlw b'00011000'
0197   3418           00224     retlw b'00011000'
0198   340C           00225     retlw b'00001100'
0199   3407           00226     retlw b'00000111'
                      00227     
019A                  00228 PARENTESISCER
019A   0823           00229     movf numFila,0
019B   0782           00230     addwf PCL,1
MPASM 5.66            PROYECTOFINAL-V2.2.ASM   6-9-2016  21:13:56         PAGE 11


LOC  OBJECT CODE     LINE SOURCE TEXT
  VALUE

019C   341C           00231     retlw b'00011100'
019D   3406           00232     retlw b'00000110'
019E   3403           00233     retlw b'00000011'
019F   3403           00234     retlw b'00000011'
01A0   3403           00235     retlw b'00000011'
01A1   3403           00236     retlw b'00000011'
01A2   3406           00237     retlw b'00000110'
01A3   341C           00238     retlw b'00011100'
                      00239     
01A4                  00240 AST
01A4   0823           00241     movf numFila,0
01A5   0782           00242     addwf PCL,1
01A6   3400           00243     retlw b'00000000'
01A7   3415           00244     retlw b'00010101'
01A8   340E           00245     retlw b'00001110'
01A9   341F           00246     retlw b'00011111'
01AA   341F           00247     retlw b'00011111'
01AB   340E           00248     retlw b'00001110'
01AC   3415           00249     retlw b'00010101'
01AD   3400           00250     retlw b'00000000'
                      00251     
01AE                  00252 MAS
01AE   0823           00253     movf numFila,0
01AF   0782           00254     addwf PCL,1
01B0   3400           00255     retlw b'00000000'
01B1   3404           00256     retlw b'00000100'
01B2   3404           00257     retlw b'00000100'
01B3   341F           00258     retlw b'00011111'
01B4   3404           00259     retlw b'00000100'
01B5   3404           00260     retlw b'00000100'
01B6   3400           00261     retlw b'00000000'
01B7   3400           00262     retlw b'00000000'
                      00263     
01B8                  00264 COMA
01B8   0823           00265     movf numFila,0
01B9   0782           00266     addwf PCL,1
01BA   3400           00267     retlw b'00000000'
01BB   3400           00268     retlw b'00000000'
01BC   3400           00269     retlw b'00000000'
01BD   3400           00270     retlw b'00000000'
01BE   3400           00271     retlw b'00000000'
01BF   3403           00272     retlw b'00000011'
01C0   3401           00273     retlw b'00000001'
01C1   3402           00274     retlw b'00000010'
                      00275     
01C2                  00276 MENOS
01C2   0823           00277     movf numFila,0
01C3   0782           00278     addwf PCL,1
01C4   3400           00279     retlw b'00000000'
01C5   3400           00280     retlw b'00000000'
01C6   3400           00281     retlw b'00000000'
01C7   341F           00282     retlw b'00011111'
01C8   3400           00283     retlw b'00000000'
MPASM 5.66            PROYECTOFINAL-V2.2.ASM   6-9-2016  21:13:56         PAGE 12


LOC  OBJECT CODE     LINE SOURCE TEXT
  VALUE

01C9   3400           00284     retlw b'00000000'
01CA   3400           00285     retlw b'00000000'
01CB   3400           00286     retlw b'00000000'
                      00287     
01CC                  00288 PUNTO
01CC   0823           00289     movf numFila,0
01CD   0782           00290     addwf PCL,1
01CE   3400           00291     retlw b'00000000'
01CF   3400           00292     retlw b'00000000'
01D0   3400           00293     retlw b'00000000'
01D1   3400           00294     retlw b'00000000'
01D2   3400           00295     retlw b'00000000'
01D3   340E           00296     retlw b'00001110'
01D4   340E           00297     retlw b'00001110'
01D5   340E           00298     retlw b'00001110'
                      00299     
01D6                  00300 BARRA
01D6   0823           00301     movf numFila,0
01D7   0782           00302     addwf PCL,1
01D8   3400           00303     retlw b'00000000'
01D9   3401           00304     retlw b'00000001'
01DA   3403           00305     retlw b'00000011'
01DB   3406           00306     retlw b'00000110'
01DC   340C           00307     retlw b'00001100'
01DD   3418           00308     retlw b'00011000'
01DE   3430           00309     retlw b'00110000'
01DF   3420           00310     retlw b'00100000'
                      00311     
Warning[205]: Found directive in column 1. (org)
                      00312 org 0x200
0200                  00313 CERO
0200   3002           00314     movlw b'00000010'
0201   008A           00315     movwf PCLATH
0202   0823           00316     movf numFila,0
0203   0782           00317     addwf PCL,1
0204   340E           00318     retlw b'00001110'
0205   3413           00319     retlw b'00010011'
0206   3413           00320     retlw b'00010011'
0207   3415           00321     retlw b'00010101'
0208   3419           00322     retlw b'00011001'
0209   3419           00323     retlw b'00011001'
020A   3419           00324     retlw b'00011001'
020B   340E           00325     retlw b'00001110'
                      00326     
020C                  00327 UNO
020C   3002           00328     movlw b'00000010'
020D   008A           00329     movwf PCLATH
020E   0823           00330     movf numFila,0
020F   0782           00331     addwf PCL,1
0210   3403           00332     retlw b'00000011'
0211   3407           00333     retlw b'00000111'
0212   340F           00334     retlw b'00001111'
0213   341B           00335     retlw b'00011011'
MPASM 5.66            PROYECTOFINAL-V2.2.ASM   6-9-2016  21:13:56         PAGE 13


LOC  OBJECT CODE     LINE SOURCE TEXT
  VALUE

0214   3403           00336     retlw b'00000011'
0215   3403           00337     retlw b'00000011'
0216   3403           00338     retlw b'00000011'
0217   3403           00339     retlw b'00000011'
                      00340     
0218                  00341 DOS
0218   3002           00342     movlw b'00000010'
0219   008A           00343     movwf PCLATH
021A   0823           00344     movf numFila,0
021B   0782           00345     addwf PCL,1
021C   340E           00346     retlw b'00001110'
021D   3411           00347     retlw b'00010001'
021E   3401           00348     retlw b'00000001'
021F   3402           00349     retlw b'00000010'
0220   3404           00350     retlw b'00000100'
0221   3408           00351     retlw b'00001000'
0222   3410           00352     retlw b'00010000'
0223   341F           00353     retlw b'00011111'
                      00354     
0224                  00355 TRES
0224   3002           00356     movlw b'00000010'
0225   008A           00357     movwf PCLATH
0226   0823           00358     movf numFila,0
0227   0782           00359     addwf PCL,1
0228   341F           00360     retlw b'00011111'
0229   3401           00361     retlw b'00000001'
022A   3401           00362     retlw b'00000001'
022B   3406           00363     retlw b'00000110'
022C   3401           00364     retlw b'00000001'
022D   3401           00365     retlw b'00000001'
022E   3411           00366     retlw b'00010001'
022F   340E           00367     retlw b'00001110'
                      00368     
0230                  00369 CUATRO
0230   3002           00370     movlw b'00000010'
0231   008A           00371     movwf PCLATH
0232   0823           00372     movf numFila,0
0233   0782           00373     addwf PCL,1
0234   3402           00374     retlw b'00000010'
0235   3406           00375     retlw b'00000110'
0236   340A           00376     retlw b'00001010'
0237   3412           00377     retlw b'00010010'
0238   341F           00378     retlw b'00011111'
0239   3402           00379     retlw b'00000010'
023A   3402           00380     retlw b'00000010'
023B   3402           00381     retlw b'00000010'
                      00382     
023C                  00383 CINCO
023C   3002           00384     movlw b'00000010'
023D   008A           00385     movwf PCLATH
023E   0823           00386     movf numFila,0
023F   0782           00387     addwf PCL,1
0240   341F           00388     retlw b'00011111'
MPASM 5.66            PROYECTOFINAL-V2.2.ASM   6-9-2016  21:13:56         PAGE 14


LOC  OBJECT CODE     LINE SOURCE TEXT
  VALUE

0241   3410           00389     retlw b'00010000'
0242   3410           00390     retlw b'00010000'
0243   341E           00391     retlw b'00011110'
0244   3401           00392     retlw b'00000001'
0245   3401           00393     retlw b'00000001'
0246   3411           00394     retlw b'00010001'
0247   340E           00395     retlw b'00001110'
                      00396     
0248                  00397 SEIS
0248   3002           00398     movlw b'00000010'
0249   008A           00399     movwf PCLATH
024A   0823           00400     movf numFila,0
024B   0782           00401     addwf PCL,1
024C   340E           00402     retlw b'00001110'
024D   3410           00403     retlw b'00010000'
024E   3410           00404     retlw b'00010000'
024F   341E           00405     retlw b'00011110'
0250   3411           00406     retlw b'00010001'
0251   3411           00407     retlw b'00010001'
0252   3411           00408     retlw b'00010001'
0253   340E           00409     retlw b'00001110'
                      00410     
0254                  00411 SIETE
0254   3002           00412     movlw b'00000010'
0255   008A           00413     movwf PCLATH
0256   0823           00414     movf numFila,0
0257   0782           00415     addwf PCL,1
0258   341F           00416     retlw b'00011111'
0259   3401           00417     retlw b'00000001'
025A   3401           00418     retlw b'00000001'
025B   3402           00419     retlw b'00000010'
025C   3404           00420     retlw b'00000100'
025D   3404           00421     retlw b'00000100'
025E   3404           00422     retlw b'00000100'
025F   3404           00423     retlw b'00000100'
                      00424     
0260                  00425 OCHO
0260   3002           00426     movlw b'00000010'
0261   008A           00427     movwf PCLATH
0262   0823           00428     movf numFila,0
0263   0782           00429     addwf PCL,1
0264   340E           00430     retlw b'00001110'
0265   3411           00431     retlw b'00010001'
0266   3411           00432     retlw b'00010001'
0267   340E           00433     retlw b'00001110'
0268   3411           00434     retlw b'00010001'
0269   3411           00435     retlw b'00010001'
026A   3411           00436     retlw b'00010001'
026B   340E           00437     retlw b'00001110'
                      00438     
026C                  00439 NUEVE
026C   3002           00440     movlw b'00000010'
026D   008A           00441     movwf PCLATH
MPASM 5.66            PROYECTOFINAL-V2.2.ASM   6-9-2016  21:13:56         PAGE 15


LOC  OBJECT CODE     LINE SOURCE TEXT
  VALUE

026E   0823           00442     movf numFila,0
026F   0782           00443     addwf PCL,1
0270   340E           00444     retlw b'00001110'
0271   3411           00445     retlw b'00010001'
0272   3411           00446     retlw b'00010001'
0273   3411           00447     retlw b'00010001'
0274   340F           00448     retlw b'00001111'
0275   3401           00449     retlw b'00000001'
0276   3401           00450     retlw b'00000001'
0277   340E           00451     retlw b'00001110'
                      00452     
0278                  00453 DOSPT
0278   3002           00454     movlw b'00000010'
0279   008A           00455     movwf PCLATH
027A   0823           00456     movf numFila,0
027B   0782           00457     addwf PCL,1
027C   340E           00458     retlw b'00001110'
027D   340E           00459     retlw b'00001110'
027E   340E           00460     retlw b'00001110'
027F   3400           00461     retlw b'00000000'
0280   3400           00462     retlw b'00000000'
0281   340E           00463     retlw b'00001110'
0282   340E           00464     retlw b'00001110'
0283   340E           00465     retlw b'00001110'
                      00466     
0284                  00467 PTCOMA
0284   3002           00468     movlw b'00000010'
0285   008A           00469     movwf PCLATH
0286   0823           00470     movf numFila,0
0287   0782           00471     addwf PCL,1
0288   3400           00472     retlw b'00000000'
0289   3400           00473     retlw b'00000000'
028A   3403           00474     retlw b'00000011'
028B   3403           00475     retlw b'00000011'
028C   3400           00476     retlw b'00000000'
028D   3403           00477     retlw b'00000011'
028E   3401           00478     retlw b'00000001'
028F   3402           00479     retlw b'00000010'
                      00480     
0290                  00481 MENOR
0290   3002           00482     movlw b'00000010'
0291   008A           00483     movwf PCLATH
0292   0823           00484     movf numFila,0
0293   0782           00485     addwf PCL,1
0294   3400           00486     retlw b'00000000'
0295   3402           00487     retlw b'00000010'
0296   3406           00488     retlw b'00000110'
0297   340C           00489     retlw b'00001100'
0298   3418           00490     retlw b'00011000'
0299   340C           00491     retlw b'00001100'
029A   3406           00492     retlw b'00000110'
029B   3402           00493     retlw b'00000010'
                      00494     
MPASM 5.66            PROYECTOFINAL-V2.2.ASM   6-9-2016  21:13:56         PAGE 16


LOC  OBJECT CODE     LINE SOURCE TEXT
  VALUE

029C                  00495 IGUAL
029C   3002           00496     movlw b'00000010'
029D   008A           00497     movwf PCLATH
029E   0823           00498     movf numFila,0
029F   0782           00499     addwf PCL,1
02A0   3400           00500     retlw b'00000000'
02A1   3400           00501     retlw b'00000000'
02A2   341F           00502     retlw b'00011111'
02A3   341F           00503     retlw b'00011111'
02A4   3400           00504     retlw b'00000000'
02A5   341F           00505     retlw b'00011111'
02A6   341F           00506     retlw b'00011111'
02A7   3400           00507     retlw b'00000000'
                      00508     
02A8                  00509 MAYOR
02A8   3002           00510     movlw b'00000010'
02A9   008A           00511     movwf PCLATH
02AA   0823           00512     movf numFila,0
02AB   0782           00513     addwf PCL,1
02AC   3400           00514     retlw b'00000000'
02AD   3408           00515     retlw b'00001000'
02AE   340C           00516     retlw b'00001100'
02AF   3406           00517     retlw b'00000110'
02B0   3403           00518     retlw b'00000011'
02B1   3406           00519     retlw b'00000110'
02B2   340C           00520     retlw b'00001100'
02B3   3408           00521     retlw b'00001000'
                      00522     
02B4                  00523 PREGUNTAC
02B4   3002           00524     movlw b'00000010'
02B5   008A           00525     movwf PCLATH
02B6   0823           00526     movf numFila,0
02B7   0782           00527     addwf PCL,1
02B8   340E           00528     retlw b'00001110'
02B9   341B           00529     retlw b'00011011'
02BA   3403           00530     retlw b'00000011'
02BB   3406           00531     retlw b'00000110'
02BC   340C           00532     retlw b'00001100'
02BD   340C           00533     retlw b'00001100'
02BE   3400           00534     retlw b'00000000'
02BF   340C           00535     retlw b'00001100'
                      00536     
02C0                  00537 ARROBA
02C0   3002           00538     movlw b'00000010'
02C1   008A           00539     movwf PCLATH
02C2   0823           00540     movf numFila,0
02C3   0782           00541     addwf PCL,1
02C4   3400           00542     retlw b'00000000'
02C5   340E           00543     retlw b'00001110'
02C6   3411           00544     retlw b'00010001'
02C7   3417           00545     retlw b'00010111'
02C8   3415           00546     retlw b'00010101'
02C9   3417           00547     retlw b'00010111'
MPASM 5.66            PROYECTOFINAL-V2.2.ASM   6-9-2016  21:13:56         PAGE 17


LOC  OBJECT CODE     LINE SOURCE TEXT
  VALUE

02CA   3410           00548     retlw b'00010000'
02CB   340E           00549     retlw b'00001110'
                      00550     
02CC                  00551 A
02CC   3002           00552     movlw b'00000010'
02CD   008A           00553     movwf PCLATH
02CE   0823           00554     movf numFila,0
02CF   0782           00555     addwf PCL,1
02D0   340E           00556     retlw b'00001110'
02D1   3411           00557     retlw b'00010001'
02D2   3411           00558     retlw b'00010001'
02D3   341F           00559     retlw b'00011111'
02D4   341F           00560     retlw b'00011111'
02D5   3411           00561     retlw b'00010001'
02D6   3411           00562     retlw b'00010001'
02D7   3411           00563     retlw b'00010001'
                      00564     
02D8                  00565 BE
02D8   3002           00566     movlw b'00000010'
02D9   008A           00567     movwf PCLATH
02DA   0823           00568     movf numFila,0
02DB   0782           00569     addwf PCL,1
02DC   341E           00570     retlw b'00011110'
02DD   3411           00571     retlw b'00010001'
02DE   3411           00572     retlw b'00010001'
02DF   341E           00573     retlw b'00011110'
02E0   3411           00574     retlw b'00010001'
02E1   3411           00575     retlw b'00010001'
02E2   3411           00576     retlw b'00010001'
02E3   341E           00577     retlw b'00011110'
                      00578     
02E4                  00579 CE
02E4   3002           00580     movlw b'00000010'
02E5   008A           00581     movwf PCLATH
02E6   0823           00582     movf numFila,0
02E7   0782           00583     addwf PCL,1
02E8   340E           00584     retlw b'00001110'
02E9   3411           00585     retlw b'00010001'
02EA   3410           00586     retlw b'00010000'
02EB   3410           00587     retlw b'00010000'
02EC   3410           00588     retlw b'00010000'
02ED   3410           00589     retlw b'00010000'
02EE   3411           00590     retlw b'00010001'
02EF   340E           00591     retlw b'00001110'
                      00592     
Warning[205]: Found directive in column 1. (org)
                      00593 org 0x300
                      00594     
0300                  00595 DEE
0300   3003           00596     movlw b'00000011'
0301   008A           00597     movwf PCLATH
0302   0823           00598     movf numFila,0
0303   0782           00599     addwf PCL,1
MPASM 5.66            PROYECTOFINAL-V2.2.ASM   6-9-2016  21:13:56         PAGE 18


LOC  OBJECT CODE     LINE SOURCE TEXT
  VALUE

0304   341E           00600     retlw b'00011110'
0305   3411           00601     retlw b'00010001'
0306   3411           00602     retlw b'00010001'
0307   3411           00603     retlw b'00010001'
0308   3411           00604     retlw b'00010001'
0309   3411           00605     retlw b'00010001'
030A   3411           00606     retlw b'00010001'
030B   341E           00607     retlw b'00011110'
                      00608     
030C                  00609 E
030C   3003           00610     movlw b'00000011'
030D   008A           00611     movwf PCLATH
030E   0823           00612     movf numFila,0
030F   0782           00613     addwf PCL,1
0310   341F           00614     retlw b'00011111'
0311   3410           00615     retlw b'00010000'
0312   3410           00616     retlw b'00010000'
0313   341E           00617     retlw b'00011110'
0314   3410           00618     retlw b'00010000'
0315   3410           00619     retlw b'00010000'
0316   3410           00620     retlw b'00010000'
0317   341F           00621     retlw b'00011111'
                      00622     
0318                  00623 EFE
0318   3003           00624     movlw b'00000011'
0319   008A           00625     movwf PCLATH
031A   0823           00626     movf numFila,0
031B   0782           00627     addwf PCL,1
031C   341F           00628     retlw b'00011111'
031D   3410           00629     retlw b'00010000'
031E   3410           00630     retlw b'00010000'
031F   341E           00631     retlw b'00011110'
0320   3410           00632     retlw b'00010000'
0321   3410           00633     retlw b'00010000'
0322   3410           00634     retlw b'00010000'
0323   3410           00635     retlw b'00010000'
                      00636     
0324                  00637 G
0324   3003           00638     movlw b'00000011'
0325   008A           00639     movwf PCLATH
0326   0823           00640     movf numFila,0
0327   0782           00641     addwf PCL,1
0328   340E           00642     retlw b'00001110'
0329   3411           00643     retlw b'00010001'
032A   3410           00644     retlw b'00010000'
032B   341F           00645     retlw b'00011111'
032C   3411           00646     retlw b'00010001'
032D   3411           00647     retlw b'00010001'
032E   3411           00648     retlw b'00010001'
032F   340E           00649     retlw b'00001110'
                      00650    
                      00651 
0330                  00652 H
MPASM 5.66            PROYECTOFINAL-V2.2.ASM   6-9-2016  21:13:56         PAGE 19


LOC  OBJECT CODE     LINE SOURCE TEXT
  VALUE

0330   3003           00653     movlw b'00000011'
0331   008A           00654     movwf PCLATH
0332   0823           00655     movf numFila,0
0333   0782           00656     addwf PCL,1
0334   3411           00657     retlw b'00010001'
0335   3411           00658     retlw b'00010001'
0336   3411           00659     retlw b'00010001'
0337   341F           00660     retlw b'00011111'
0338   3411           00661     retlw b'00010001'
0339   3411           00662     retlw b'00010001'
033A   3411           00663     retlw b'00010001'
033B   3411           00664     retlw b'00010001'
                      00665     
033C                  00666 I
033C   3003           00667     movlw b'00000011'
033D   008A           00668     movwf PCLATH
033E   0823           00669     movf numFila,0
033F   0782           00670     addwf PCL,1
0340   3404           00671     retlw b'00000100'
0341   3404           00672     retlw b'00000100'
0342   3404           00673     retlw b'00000100'
0343   3404           00674     retlw b'00000100'
0344   3404           00675     retlw b'00000100'
0345   3404           00676     retlw b'00000100'
0346   3404           00677     retlw b'00000100'
0347   3404           00678     retlw b'00000100'
                      00679     
0348                  00680 J
0348   3003           00681     movlw b'00000011'
0349   008A           00682     movwf PCLATH
034A   0823           00683     movf numFila,0
034B   0782           00684     addwf PCL,1
034C   341F           00685     retlw b'00011111'
034D   3402           00686     retlw b'00000010'
034E   3402           00687     retlw b'00000010'
034F   3402           00688     retlw b'00000010'
0350   3402           00689     retlw b'00000010'
0351   3402           00690     retlw b'00000010'
0352   3412           00691     retlw b'00010010'
0353   340C           00692     retlw b'00001100'
                      00693     
0354                  00694 K
0354   3003           00695     movlw b'00000011'
0355   008A           00696     movwf PCLATH
0356   0823           00697     movf numFila,0
0357   0782           00698     addwf PCL,1
0358   3411           00699     retlw b'00010001'
0359   3412           00700     retlw b'00010010'
035A   3414           00701     retlw b'00010100'
035B   3418           00702     retlw b'00011000'
035C   3418           00703     retlw b'00011000'
035D   3414           00704     retlw b'00010100'
035E   3412           00705     retlw b'00010010'
MPASM 5.66            PROYECTOFINAL-V2.2.ASM   6-9-2016  21:13:56         PAGE 20


LOC  OBJECT CODE     LINE SOURCE TEXT
  VALUE

035F   3411           00706     retlw b'00010001'
                      00707     
0360                  00708 L
0360   3003           00709     movlw b'00000011'
0361   008A           00710     movwf PCLATH
0362   0823           00711     movf numFila,0
0363   0782           00712     addwf PCL,1
0364   3410           00713     retlw b'00010000'
0365   3410           00714     retlw b'00010000'
0366   3410           00715     retlw b'00010000'
0367   3410           00716     retlw b'00010000'
0368   3410           00717     retlw b'00010000'
0369   3410           00718     retlw b'00010000'
036A   3410           00719     retlw b'00010000'
036B   341F           00720     retlw b'00011111'
                      00721     
036C                  00722 M
036C   3003           00723     movlw b'00000011'
036D   008A           00724     movwf PCLATH
036E   0823           00725     movf numFila,0
036F   0782           00726     addwf PCL,1
0370   3411           00727     retlw b'00010001'
0371   341B           00728     retlw b'00011011'
0372   341B           00729     retlw b'00011011'
0373   3415           00730     retlw b'00010101'
0374   3411           00731     retlw b'00010001'
0375   3411           00732     retlw b'00010001'
0376   3411           00733     retlw b'00010001'
0377   3411           00734     retlw b'00010001'
                      00735     
0378                  00736 N
0378   3003           00737     movlw b'00000011'
0379   008A           00738     movwf PCLATH
037A   0823           00739     movf numFila,0
037B   0782           00740     addwf PCL,1
037C   3411           00741     retlw b'00010001'
037D   3419           00742     retlw b'00011001'
037E   3419           00743     retlw b'00011001'
037F   3415           00744     retlw b'00010101'
0380   3413           00745     retlw b'00010011'
0381   3413           00746     retlw b'00010011'
0382   3413           00747     retlw b'00010011'
0383   3411           00748     retlw b'00010001'
                      00749     
0384                  00750 O
0384   3003           00751     movlw b'00000011'
0385   008A           00752     movwf PCLATH
0386   0823           00753     movf numFila,0
0387   0782           00754     addwf PCL,1
0388   340E           00755     retlw b'00001110'
0389   3411           00756     retlw b'00010001'
038A   3411           00757     retlw b'00010001'
038B   3411           00758     retlw b'00010001'
MPASM 5.66            PROYECTOFINAL-V2.2.ASM   6-9-2016  21:13:56         PAGE 21


LOC  OBJECT CODE     LINE SOURCE TEXT
  VALUE

038C   3411           00759     retlw b'00010001'
038D   3411           00760     retlw b'00010001'
038E   3411           00761     retlw b'00010001'
038F   340E           00762     retlw b'00001110'
                      00763     
0390                  00764 PE
0390   3003           00765     movlw b'00000011'
0391   008A           00766     movwf PCLATH
0392   0823           00767     movf numFila,0
0393   0782           00768     addwf PCL,1
0394   341E           00769     retlw b'00011110'
0395   3411           00770     retlw b'00010001'
0396   3411           00771     retlw b'00010001'
0397   341E           00772     retlw b'00011110'
0398   3410           00773     retlw b'00010000'
0399   3410           00774     retlw b'00010000'
039A   3410           00775     retlw b'00010000'
039B   3410           00776     retlw b'00010000'
                      00777     
039C                  00778 Q
039C   3003           00779     movlw b'00000011'
039D   008A           00780     movwf PCLATH
039E   0823           00781     movf numFila,0
039F   0782           00782     addwf PCL,1
03A0   340E           00783     retlw b'00001110'
03A1   3411           00784     retlw b'00010001'
03A2   3411           00785     retlw b'00010001'
03A3   3415           00786     retlw b'00010101'
03A4   3415           00787     retlw b'00010101'
03A5   340E           00788     retlw b'00001110'
03A6   3402           00789     retlw b'00000010'
03A7   3402           00790     retlw b'00000010'
                      00791     
03A8                  00792 ERE
03A8   3003           00793     movlw b'00000011'
03A9   008A           00794     movwf PCLATH
03AA   0823           00795     movf numFila,0
03AB   0782           00796     addwf PCL,1
03AC   341E           00797     retlw b'00011110'
03AD   3411           00798     retlw b'00010001'
03AE   3411           00799     retlw b'00010001'
03AF   341E           00800     retlw b'00011110'
03B0   3412           00801     retlw b'00010010'
03B1   3411           00802     retlw b'00010001'
03B2   3411           00803     retlw b'00010001'
03B3   3411           00804     retlw b'00010001'
                      00805     
03B4                  00806 ESE
03B4   3003           00807     movlw b'00000011'
03B5   008A           00808     movwf PCLATH
03B6   0823           00809     movf numFila,0
03B7   0782           00810     addwf PCL,1
03B8   340E           00811     retlw b'00001110'
MPASM 5.66            PROYECTOFINAL-V2.2.ASM   6-9-2016  21:13:56         PAGE 22


LOC  OBJECT CODE     LINE SOURCE TEXT
  VALUE

03B9   3411           00812     retlw b'00010001'
03BA   3410           00813     retlw b'00010000'
03BB   340E           00814     retlw b'00001110'
03BC   3401           00815     retlw b'00000001'
03BD   3401           00816     retlw b'00000001'
03BE   3411           00817     retlw b'00010001'
03BF   340E           00818     retlw b'00001110'
                      00819     
03C0                  00820 T
03C0   3003           00821     movlw b'00000011'
03C1   008A           00822     movwf PCLATH
03C2   0823           00823     movf numFila,0
03C3   0782           00824     addwf PCL,1
03C4   341F           00825     retlw b'00011111'
03C5   3404           00826     retlw b'00000100'
03C6   3404           00827     retlw b'00000100'
03C7   3404           00828     retlw b'00000100'
03C8   3404           00829     retlw b'00000100'
03C9   3404           00830     retlw b'00000100'
03CA   3404           00831     retlw b'00000100'
03CB   3404           00832     retlw b'00000100'
                      00833     
03CC                  00834 U
03CC   3003           00835     movlw b'00000011'
03CD   008A           00836     movwf PCLATH
03CE   0823           00837     movf numFila,0
03CF   0782           00838     addwf PCL,1
03D0   3411           00839     retlw b'00010001'
03D1   3411           00840     retlw b'00010001'
03D2   3411           00841     retlw b'00010001'
03D3   3411           00842     retlw b'00010001'
03D4   3411           00843     retlw b'00010001'
03D5   3411           00844     retlw b'00010001'
03D6   3411           00845     retlw b'00010001'
03D7   340E           00846     retlw b'00001110'
                      00847     
03D8                  00848 V
03D8   3003           00849     movlw b'00000011'
03D9   008A           00850     movwf PCLATH
03DA   0823           00851     movf numFila,0
03DB   0782           00852     addwf PCL,1
03DC   3411           00853     retlw b'00010001'
03DD   3411           00854     retlw b'00010001'
03DE   3411           00855     retlw b'00010001'
03DF   3411           00856     retlw b'00010001'
03E0   3411           00857     retlw b'00010001'
03E1   3411           00858     retlw b'00010001'
03E2   340A           00859     retlw b'00001010'
03E3   3404           00860     retlw b'00000100'
                      00861     
03E4                  00862 WW
03E4   3003           00863     movlw b'00000011'
03E5   008A           00864     movwf PCLATH
MPASM 5.66            PROYECTOFINAL-V2.2.ASM   6-9-2016  21:13:56         PAGE 23


LOC  OBJECT CODE     LINE SOURCE TEXT
  VALUE

03E6   0823           00865     movf numFila,0
03E7   0782           00866     addwf PCL,1
03E8   3411           00867     retlw b'00010001'
03E9   3411           00868     retlw b'00010001'
03EA   3411           00869     retlw b'00010001'
03EB   3415           00870     retlw b'00010101'
03EC   3415           00871     retlw b'00010101'
03ED   341B           00872     retlw b'00011011'
03EE   341B           00873     retlw b'00011011'
03EF   3411           00874     retlw b'00010001'
                      00875     
Warning[205]: Found directive in column 1. (org)
                      00876 org 0x400
                      00877     
0400                  00878 X
0400   3004           00879     movlw b'00000100'
0401   008A           00880     movwf PCLATH
0402   0823           00881     movf numFila,0
0403   0782           00882     addwf PCL,1
0404   3411           00883     retlw b'00010001'
0405   3411           00884     retlw b'00010001'
0406   340A           00885     retlw b'00001010'
0407   3404           00886     retlw b'00000100'
0408   3404           00887     retlw b'00000100'
0409   340A           00888     retlw b'00001010'
040A   3411           00889     retlw b'00010001'
040B   3411           00890     retlw b'00010001'
                      00891     
040C                  00892 Y
040C   3004           00893     movlw b'00000100'
040D   008A           00894     movwf PCLATH
040E   0823           00895     movf numFila,0
040F   0782           00896     addwf PCL,1
0410   3411           00897     retlw b'00010001'
0411   3411           00898     retlw b'00010001'
0412   3411           00899     retlw b'00010001'
0413   340A           00900     retlw b'00001010'
0414   3404           00901     retlw b'00000100'
0415   3404           00902     retlw b'00000100'
0416   3404           00903     retlw b'00000100'
0417   3404           00904     retlw b'00000100'
                      00905     
0418                  00906 ZETA
0418   3004           00907     movlw b'00000100'
0419   008A           00908     movwf PCLATH
041A   0823           00909     movf numFila,0
041B   0782           00910     addwf PCL,1
041C   341F           00911     retlw b'00011111'
041D   3401           00912     retlw b'00000001'
041E   3403           00913     retlw b'00000011'
041F   3406           00914     retlw b'00000110'
0420   340C           00915     retlw b'00001100'
0421   3418           00916     retlw b'00011000'
MPASM 5.66            PROYECTOFINAL-V2.2.ASM   6-9-2016  21:13:56         PAGE 24


LOC  OBJECT CODE     LINE SOURCE TEXT
  VALUE

0422   3410           00917     retlw b'00010000'
0423   341F           00918     retlw b'00011111'
                      00919 
                      00920     
                      00921 
0424                  00922 HABILITARFILA
0424   3004           00923     movlw b'00000100'
0425   008A           00924     movwf PCLATH
0426   0823           00925     movf numFila,0
0427   0782           00926     addwf PCL,1
0428   2???           00927     goto FILA0
0429   2???           00928     goto FILA1
042A   2???           00929     goto FILA2
042B   2???           00930     goto FILA3
042C   2???           00931     goto FILA4
042D   2???           00932     goto FILA5
042E   2???           00933     goto FILA6
042F   2???           00934     goto FILA7
                      00935     
0430                  00936 FILA0
0430   1008           00937     bcf PORTD,0
0431   0008           00938     return
                      00939 
0432                  00940 FILA1
0432   1088           00941     bcf PORTD,1
0433   0008           00942     return
                      00943     
0434                  00944 FILA2
0434   1108           00945     bcf PORTD,2
0435   0008           00946     return
                      00947     
0436                  00948 FILA3
0436   1188           00949     bcf PORTD,3
0437   0008           00950     return
                      00951     
0438                  00952 FILA4
0438   1208           00953     bcf PORTD,4
0439   0008           00954     return
                      00955     
043A                  00956 FILA5
043A   1288           00957     bcf PORTD,5
043B   0008           00958     return
                      00959     
043C                  00960 FILA6
043C   1308           00961     bcf PORTD,6
043D   0008           00962     return
                      00963     
043E                  00964 FILA7
043E   1388           00965     bcf PORTD,7
043F   0008           00966     return
Warning[205]: Found directive in column 1. (end)
27E1 3FFF             00276 end
MPASM 5.66            PROYECTOFINAL-V2.2.ASM   6-9-2016  21:13:56         PAGE 25


SYMBOL TABLE
  LABEL                             VALUE 

A                                 000002CC
AASCII                            00000054
ABDEN                             00000000
ABDOVF                            00000007
ACKDT                             00000005
ACKEN                             00000004
ACKSTAT                           00000006
ADCON0                            0000001F
ADCON1                            0000009F
ADCS0                             00000006
ADCS1                             00000007
ADDEN                             00000003
ADFM                              00000007
ADIE                              00000006
ADIF                              00000006
ADON                              00000000
ADRESH                            0000001E
ADRESL                            0000009E
AMPERSAND                         0000017C
ANS0                              00000000
ANS1                              00000001
ANS10                             00000002
ANS11                             00000003
ANS12                             00000004
ANS13                             00000005
ANS2                              00000002
ANS3                              00000003
ANS4                              00000004
ANS5                              00000005
ANS6                              00000006
ANS7                              00000007
ANS8                              00000000
ANS9                              00000001
ANSEL                             00000188
ANSELH                            00000189
ARROBA                            000002C0
AST                               000001A4
BARRA                             000001D6
BAUDCTL                           00000187
BCLIE                             00000003
BCLIF                             00000003
BE                                000002D8
BF                                00000000
BORRARPUNTOS                      00000047
BRG0                              00000000
BRG1                              00000001
BRG10                             00000002
BRG11                             00000003
BRG12                             00000004
BRG13                             00000005
BRG14                             00000006
BRG15                             00000007
BRG16                             00000003
MPASM 5.66            PROYECTOFINAL-V2.2.ASM   6-9-2016  21:13:56         PAGE 26


SYMBOL TABLE
  LABEL                             VALUE 

BRG2                              00000002
BRG3                              00000003
BRG4                              00000004
BRG5                              00000005
BRG6                              00000006
BRG7                              00000007
BRG8                              00000000
BRG9                              00000001
BRGH                              00000002
BUSCARFILA                        00000100
C                                 00000000
C1CH0                             00000000
C1CH1                             00000001
C1IE                              00000005
C1IF                              00000005
C1OE                              00000005
C1ON                              00000007
C1OUT                             00000006
C1POL                             00000004
C1R                               00000002
C1RSEL                            00000005
C1SEN                             00000005
C2CH0                             00000000
C2CH1                             00000001
C2IE                              00000006
C2IF                              00000006
C2OE                              00000005
C2ON                              00000007
C2OUT                             00000006
C2POL                             00000004
C2R                               00000002
C2REN                             00000004
C2RSEL                            00000004
C2SYNC                            00000000
CAMBIOBANDERA                     00000060
CAMBIOFILA                        000000D5
CARGARBIT                         000000C5
CARGARCARACTER                    000000C3
CARGARDATOS                       000000B6
CCP1CON                           00000017
CCP1IE                            00000002
CCP1IF                            00000002
CCP1M0                            00000000
CCP1M1                            00000001
CCP1M2                            00000002
CCP1M3                            00000003
CCP1X                             00000005
CCP1Y                             00000004
CCP2CON                           0000001D
CCP2IE                            00000000
CCP2IF                            00000000
CCP2M0                            00000000
CCP2M1                            00000001
MPASM 5.66            PROYECTOFINAL-V2.2.ASM   6-9-2016  21:13:56         PAGE 27


SYMBOL TABLE
  LABEL                             VALUE 

CCP2M2                            00000002
CCP2M3                            00000003
CCP2X                             00000005
CCP2Y                             00000004
CCPR1                             00000015
CCPR1H                            00000016
CCPR1L                            00000015
CCPR2                             0000001B
CCPR2H                            0000001C
CCPR2L                            0000001B
CE                                000002E4
CERO                              00000200
CHS0                              00000002
CHS1                              00000003
CHS2                              00000004
CHS3                              00000005
CINCO                             0000023C
CKE                               00000006
CKP                               00000004
CM1CON0                           00000107
CM2CON0                           00000108
CM2CON1                           00000109
COMA                              000001B8
COMIENZO                          00000005
COMILLAD                          00000154
COMILLAS                          00000186
CONTROLPRINCIPAL                  00000041
CREN                              00000004
CSRC                              00000007
CUATRO                            00000230
D                                 00000005
DATA_ADDRESS                      00000005
DC                                00000001
DC1B0                             00000004
DC1B1                             00000005
DC2B0                             00000004
DC2B1                             00000005
DEE                               00000300
DOS                               00000218
DOSPT                             00000278
D_A                               00000005
D_NOT_A                           00000005
E                                 0000030C
ECCPAS                            0000009C
ECCPAS0                           00000004
ECCPAS1                           00000005
ECCPAS2                           00000006
ECCPASE                           00000007
EEADR                             0000010D
EEADRH                            0000010F
EECON1                            0000018C
EECON2                            0000018D
EEDAT                             0000010C
MPASM 5.66            PROYECTOFINAL-V2.2.ASM   6-9-2016  21:13:56         PAGE 28


SYMBOL TABLE
  LABEL                             VALUE 

EEDATA                            0000010C
EEDATH                            0000010E
EEIE                              00000004
EEIF                              00000004
EEPGD                             00000007
EFE                               00000318
ENVIARBIT                         000000C8
ERE                               000003A8
ESE                               000003B4
ESPACIO                           00000140
EXCL                              0000014A
F                                 00000001
FERR                              00000002
FILA0                             00000430
FILA1                             00000432
FILA2                             00000434
FILA3                             00000436
FILA4                             00000438
FILA5                             0000043A
FILA6                             0000043C
FILA7                             0000043E
FINCUENTA                         00000068
FINENVIO                          000000CB
FININCHORAL                       000000AB
FSR                               00000004
FVREN                             00000000
G                                 00000324
GCEN                              00000007
GIE                               00000007
GO                                00000001
GO_DONE                           00000001
GO_NOT_DONE                       00000001
H                                 00000330
HABILITARFILA                     00000424
HTS                               00000002
I                                 0000033C
I2C_DATA                          00000005
I2C_READ                          00000002
I2C_START                         00000003
I2C_STOP                          00000004
IGUAL                             0000029C
INCCENTENA                        00000088
INCDECENA                         00000082
INCHORAH                          000000B0
INCHORAL                          000000A0
INCMINUTOH                        0000009A
INCMINUTOL                        00000094
INCREMENTOHORA                    0000006A
INCUNIDAD                         0000007C
INCUNMIL                          0000008E
INDF                              00000000
INTCON                            0000000B
INTE                              00000004
MPASM 5.66            PROYECTOFINAL-V2.2.ASM   6-9-2016  21:13:56         PAGE 29


SYMBOL TABLE
  LABEL                             VALUE 

INTEDG                            00000006
INTERRUPCIONES                    0000004A
INTF                              00000001
IOCB                              00000096
IOCB0                             00000000
IOCB1                             00000001
IOCB2                             00000002
IOCB3                             00000003
IOCB4                             00000004
IOCB5                             00000005
IOCB6                             00000006
IOCB7                             00000007
IRCF0                             00000004
IRCF1                             00000005
IRCF2                             00000006
IRP                               00000007
J                                 00000348
K                                 00000354
L                                 00000360
LTS                               00000001
M                                 0000036C
MAS                               000001AE
MAYOR                             000002A8
MC1OUT                            00000007
MC2OUT                            00000006
MENOR                             00000290
MENOS                             000001C2
MSK                               00000093
MSK0                              00000000
MSK1                              00000001
MSK2                              00000002
MSK3                              00000003
MSK4                              00000004
MSK5                              00000005
MSK6                              00000006
MSK7                              00000007
N                                 00000378
NOT_A                             00000005
NOT_ADDRESS                       00000005
NOT_BO                            00000000
NOT_BOR                           00000000
NOT_DONE                          00000001
NOT_PD                            00000003
NOT_POR                           00000001
NOT_RBPU                          00000007
NOT_RC8                           00000006
NOT_T1SYNC                        00000002
NOT_TO                            00000004
NOT_TX8                           00000006
NOT_W                             00000002
NOT_WRITE                         00000002
NUEVE                             0000026C
NUM                               0000015E
MPASM 5.66            PROYECTOFINAL-V2.2.ASM   6-9-2016  21:13:56         PAGE 30


SYMBOL TABLE
  LABEL                             VALUE 

O                                 00000384
OCHO                              00000260
OERR                              00000001
OPTION_REG                        00000081
OSCCON                            0000008F
OSCTUNE                           00000090
OSFIE                             00000007
OSFIF                             00000007
OSTS                              00000003
P                                 00000004
P1M0                              00000006
P1M1                              00000007
PARENTESISAB                      00000190
PARENTESISCER                     0000019A
PCL                               00000002
PCLATH                            0000000A
PCON                              0000008E
PDC0                              00000000
PDC1                              00000001
PDC2                              00000002
PDC3                              00000003
PDC4                              00000004
PDC5                              00000005
PDC6                              00000006
PE                                00000390
PEIE                              00000006
PEN                               00000002
PESO                              00000168
PIE1                              0000008C
PIE2                              0000008D
PIR1                              0000000C
PIR2                              0000000D
PONERCERO                         000000D1
PONERPUNTOS                       00000044
PONERUNO                          000000D3
PORCENTAJE                        00000172
PORTA                             00000005
PORTB                             00000006
PORTC                             00000007
PORTD                             00000008
PORTE                             00000009
PR2                               00000092
PREGUNTAC                         000002B4
PRSEN                             00000007
PS0                               00000000
PS1                               00000001
PS2                               00000002
PSA                               00000003
PSSAC0                            00000002
PSSAC1                            00000003
PSSBD0                            00000000
PSSBD1                            00000001
PSTRCON                           0000009D
MPASM 5.66            PROYECTOFINAL-V2.2.ASM   6-9-2016  21:13:56         PAGE 31


SYMBOL TABLE
  LABEL                             VALUE 

PTCOMA                            00000284
PULSR                             00000002
PULSS                             00000003
PUNTO                             000001CC
PWM1CON                           0000009B
Q                                 0000039C
R                                 00000002
RA0                               00000000
RA1                               00000001
RA2                               00000002
RA3                               00000003
RA4                               00000004
RA5                               00000005
RA6                               00000006
RA7                               00000007
RB0                               00000000
RB1                               00000001
RB2                               00000002
RB3                               00000003
RB4                               00000004
RB5                               00000005
RB6                               00000006
RB7                               00000007
RBIE                              00000003
RBIF                              00000000
RC0                               00000000
RC1                               00000001
RC2                               00000002
RC3                               00000003
RC4                               00000004
RC5                               00000005
RC6                               00000006
RC7                               00000007
RC8_9                             00000006
RC9                               00000006
RCD8                              00000000
RCEN                              00000003
RCIDL                             00000006
RCIE                              00000005
RCIF                              00000005
RCREG                             0000001A
RCSTA                             00000018
RD                                00000000
RD0                               00000000
RD1                               00000001
RD2                               00000002
RD3                               00000003
RD4                               00000004
RD5                               00000005
RD6                               00000006
RD7                               00000007
RE0                               00000000
RE1                               00000001
MPASM 5.66            PROYECTOFINAL-V2.2.ASM   6-9-2016  21:13:56         PAGE 32


SYMBOL TABLE
  LABEL                             VALUE 

RE2                               00000002
RE3                               00000003
READ_WRITE                        00000002
RP0                               00000005
RP1                               00000006
RSEN                              00000001
RX9                               00000006
RX9D                              00000000
R_NOT_W                           00000002
R_W                               00000002
S                                 00000003
SBOREN                            00000004
SCKP                              00000004
SCS                               00000000
SEIS                              00000248
SEN                               00000000
SENDB                             00000003
SIETE                             00000254
SMP                               00000007
SPBRG                             00000099
SPBRGH                            0000009A
SPEN                              00000007
SR0                               00000006
SR1                               00000007
SRCON                             00000185
SREN                              00000005
SSPADD                            00000093
SSPBUF                            00000013
SSPCON                            00000014
SSPCON2                           00000091
SSPEN                             00000005
SSPIE                             00000003
SSPIF                             00000003
SSPM0                             00000000
SSPM1                             00000001
SSPM2                             00000002
SSPM3                             00000003
SSPMSK                            00000093
SSPOV                             00000006
SSPSTAT                           00000094
STATUS                            00000003
STRA                              00000000
STRB                              00000001
STRC                              00000002
STRD                              00000003
STRSYNC                           00000004
SWDTEN                            00000000
SYNC                              00000004
T                                 000003C0
T0CS                              00000005
T0IE                              00000005
T0IF                              00000002
T0SE                              00000004
MPASM 5.66            PROYECTOFINAL-V2.2.ASM   6-9-2016  21:13:56         PAGE 33


SYMBOL TABLE
  LABEL                             VALUE 

T1CKPS0                           00000004
T1CKPS1                           00000005
T1CON                             00000010
T1GINV                            00000007
T1GIV                             00000007
T1GSS                             00000001
T1INSYNC                          00000002
T1OSCEN                           00000003
T1SYNC                            00000002
T2CKPS0                           00000000
T2CKPS1                           00000001
T2CON                             00000012
TABLA                             00000104
TIMER                             0000004C
TMR0                              00000001
TMR0IE                            00000005
TMR0IF                            00000002
TMR1                              0000000E
TMR1CS                            00000001
TMR1GE                            00000006
TMR1H                             0000000F
TMR1IE                            00000000
TMR1IF                            00000000
TMR1L                             0000000E
TMR1ON                            00000000
TMR2                              00000011
TMR2IE                            00000001
TMR2IF                            00000001
TMR2ON                            00000002
TOUTPS0                           00000003
TOUTPS1                           00000004
TOUTPS2                           00000005
TOUTPS3                           00000006
TRES                              00000224
TRISA                             00000085
TRISA0                            00000000
TRISA1                            00000001
TRISA2                            00000002
TRISA3                            00000003
TRISA4                            00000004
TRISA5                            00000005
TRISA6                            00000006
TRISA7                            00000007
TRISB                             00000086
TRISB0                            00000000
TRISB1                            00000001
TRISB2                            00000002
TRISB3                            00000003
TRISB4                            00000004
TRISB5                            00000005
TRISB6                            00000006
TRISB7                            00000007
TRISC                             00000087
MPASM 5.66            PROYECTOFINAL-V2.2.ASM   6-9-2016  21:13:56         PAGE 34


SYMBOL TABLE
  LABEL                             VALUE 

TRISC0                            00000000
TRISC1                            00000001
TRISC2                            00000002
TRISC3                            00000003
TRISC4                            00000004
TRISC5                            00000005
TRISC6                            00000006
TRISC7                            00000007
TRISD                             00000088
TRISD0                            00000000
TRISD1                            00000001
TRISD2                            00000002
TRISD3                            00000003
TRISD4                            00000004
TRISD5                            00000005
TRISD6                            00000006
TRISD7                            00000007
TRISE                             00000089
TRISE0                            00000000
TRISE1                            00000001
TRISE2                            00000002
TRISE3                            00000003
TRMT                              00000001
TUN0                              00000000
TUN1                              00000001
TUN2                              00000002
TUN3                              00000003
TUN4                              00000004
TX8_9                             00000006
TX9                               00000006
TX9D                              00000000
TXD8                              00000000
TXEN                              00000005
TXIE                              00000004
TXIF                              00000004
TXREG                             00000019
TXSTA                             00000098
U                                 000003CC
UA                                00000001
ULPWUE                            00000005
ULPWUIE                           00000002
ULPWUIF                           00000002
UNO                               0000020C
V                                 000003D8
VCFG0                             00000004
VCFG1                             00000005
VR0                               00000000
VR1                               00000001
VR2                               00000002
VR3                               00000003
VRCON                             00000097
VREN                              00000007
VROE                              00000006
MPASM 5.66            PROYECTOFINAL-V2.2.ASM   6-9-2016  21:13:56         PAGE 35


SYMBOL TABLE
  LABEL                             VALUE 

VRR                               00000005
VRSS                              00000004
W                                 00000000
WCOL                              00000007
WDTCON                            00000105
WDTPS0                            00000001
WDTPS1                            00000002
WDTPS2                            00000003
WDTPS3                            00000004
WPUB                              00000095
WPUB0                             00000000
WPUB1                             00000001
WPUB2                             00000002
WPUB3                             00000003
WPUB4                             00000004
WPUB5                             00000005
WPUB6                             00000006
WPUB7                             00000007
WR                                00000001
WREN                              00000002
WRERR                             00000003
WUE                               00000001
WW                                000003E4
X                                 00000400
Y                                 0000040C
Z                                 00000002
ZETA                              00000418
_BOR21V                           00003EFF
_BOR40V                           00003FFF
_BOR4V_BOR21V                     00003EFF
_BOR4V_BOR40V                     00003FFF
_BOREN_NSLEEP                     00003EFF
_BOREN_OFF                        00003CFF
_BOREN_ON                         00003FFF
_BOREN_SBODEN                     00003DFF
_BOR_NSLEEP                       00003EFF
_BOR_OFF                          00003CFF
_BOR_ON                           00003FFF
_BOR_SBODEN                       00003DFF
_CONFIG1                          00002007
_CONFIG2                          00002008
_CPD_OFF                          00003FFF
_CPD_ON                           00003F7F
_CP_OFF                           00003FFF
_CP_ON                            00003FBF
_DEBUG_OFF                        00003FFF
_DEBUG_ON                         00001FFF
_DEVID1                           00002006
_EC_OSC                           00003FFB
_EXTRC                            00003FFF
_EXTRCIO                          00003FFE
_EXTRC_OSC_CLKOUT                 00003FFF
_EXTRC_OSC_NOCLKOUT               00003FFE
MPASM 5.66            PROYECTOFINAL-V2.2.ASM   6-9-2016  21:13:56         PAGE 36


SYMBOL TABLE
  LABEL                             VALUE 

_FCMEN_OFF                        000037FF
_FCMEN_ON                         00003FFF
_FOSC_EC                          00003FFB
_FOSC_EXTRC_CLKOUT                00003FFF
_FOSC_EXTRC_NOCLKOUT              00003FFE
_FOSC_HS                          00003FFA
_FOSC_INTRC_CLKOUT                00003FFD
_FOSC_INTRC_NOCLKOUT              00003FFC
_FOSC_LP                          00003FF8
_FOSC_XT                          00003FF9
_HS_OSC                           00003FFA
_IDLOC0                           00002000
_IDLOC1                           00002001
_IDLOC2                           00002002
_IDLOC3                           00002003
_IESO_OFF                         00003BFF
_IESO_ON                          00003FFF
_INTOSC                           00003FFD
_INTOSCIO                         00003FFC
_INTRC_OSC_CLKOUT                 00003FFD
_INTRC_OSC_NOCLKOUT               00003FFC
_LP_OSC                           00003FF8
_LVP_OFF                          00002FFF
_LVP_ON                           00003FFF
_MCLRE_OFF                        00003FDF
_MCLRE_ON                         00003FFF
_PWRTE_OFF                        00003FFF
_PWRTE_ON                         00003FEF
_WDTE_OFF                         00003FF7
_WDTE_ON                          00003FFF
_WDT_OFF                          00003FF7
_WDT_ON                           00003FFF
_WRT_1FOURTH                      00003BFF
_WRT_256                          00003DFF
_WRT_HALF                         000039FF
_WRT_OFF                          00003FFF
_XT_OSC                           00003FF9
__16F887                          00000001
anchoChar                         00000006
banderas                          00000038
caracteres                        00000005
carga                             00000006
centenaAux                        00000032
char1                             00000028
char2                             00000027
char3                             00000026
char4                             00000025
char5                             00000024
clk                               00000001
conSinPt                          00000000
dato                              00000002
decenaAux                         00000031
filAux                            00000021
MPASM 5.66            PROYECTOFINAL-V2.2.ASM   6-9-2016  21:13:56         PAGE 37


SYMBOL TABLE
  LABEL                             VALUE 

horaHAux                          00000037
horaLAux                          00000036
latch                             00000003
minutoHAux                        00000035
minutoLAux                        00000034
mult                              00000029
multiplicador                     00000005
numBits                           00000022
numChar                           00000020
numFila                           00000023
relojHoraH                        0000002E
relojHoraL                        0000002D
relojMinutoH                      0000002B
relojMinutoL                      0000002A
relojSeparador                    0000002C
sePuedeInc                        0000002F
unidadAux                         00000030
unmilAux                          00000033

Errors   :     0
Warnings :     6 reported,     0 suppressed
Messages :     7 reported,     0 suppressed

