MPASM 5.66               TECLADOCOMPLETO.ASM   6-14-2016  20:00:09         PAGE  1


LOC  OBJECT CODE     LINE SOURCE TEXT
  VALUE

                      00001   list p=16f887
                      00002 #include "p16f887.inc"
                      00001         LIST
                      00002 
                      00003 ;==========================================================================
                      00004 ; Build date : Feb 01 2016
                      00005 ;  MPASM PIC16F887 processor include
                      00006 ; 
                      00007 ;  (c) Copyright 1999-2016 Microchip Technology, All rights reserved
                      00008 ;==========================================================================
                      00009 
                      00810         LIST
                      00003 
                      00004 ; CONFIG1
                      00005 ; __config 0xFFE1
2007   27E1           00006  __CONFIG _CONFIG1, _FOSC_XT & _WDTE_OFF & _PWRTE_ON & _MCLRE_ON & _CP_OFF & _CPD_OFF & _BOREN_ON & _IES
                            O_ON & _FCMEN_OFF & _LVP_OFF
                      00007 ; CONFIG2
                      00008 ; __config 0xFFFF
2008   3FFF           00009  __CONFIG _CONFIG2, _BOR4V_BOR40V & _WRT_OFF
                      00010  
  00000020            00011 mult equ 0x20
  00000021            00012 salto equ 0x21
  00000022            00013 limite equ 0x22
  00000023            00014 unidad equ 0x23
  00000024            00015 decena equ 0x24 
  00000025            00016 centena equ 0x25
  00000026            00017 unmil equ 0x26
  00000027            00018 N equ 0x27
  00000028            00019 M equ 0x28
                      00020  
                      00021  
Warning[205]: Found directive in column 1. (org)
                      00022 org 0x00
Warning[203]: Found opcode in column 1. (goto)
0000   2???           00023 goto COMIENZO
Warning[205]: Found directive in column 1. (org)
                      00024 org 0x04
Warning[203]: Found opcode in column 1. (goto)
0004   2???           00025 goto INTERRUPCION
                      00026     
                      00027 
0005                  00028 COMIENZO 
0005   1683           00029     bsf STATUS,RP0
0006   1703           00030     bsf STATUS,RP1 ; banco 3
Message[302]: Register in operand not in bank 0.  Ensure that bank bits are correct.
0007   0189           00031     clrf ANSELH ; e/s digital portb
0008   30F0           00032     movlw b'11110000'
Message[302]: Register in operand not in bank 0.  Ensure that bank bits are correct.
0009   0086           00033     movwf TRISB ; entrada <7:4> / salida <3:0>
000A   3055           00034     movlw b'01010101'
Message[302]: Register in operand not in bank 0.  Ensure that bank bits are correct.
000B   0081           00035     movwf OPTION_REG ; habilito permisos de pull up, selecciono reloj interno para TMR0 y prescaler de 3
MPASM 5.66               TECLADOCOMPLETO.ASM   6-14-2016  20:00:09         PAGE  2


LOC  OBJECT CODE     LINE SOURCE TEXT
  VALUE

                            2
                      00036     ;bcf OPTION_REG,7 ;habilito permisos de pull up
000C   30A8           00037     movlw b'10101000'
000D   008B           00038     movwf INTCON ;configuro interrupcion por cambios en portb y timer 0, y habilito interrupcion global
000E   1303           00039     bcf STATUS,RP1 ; banco 1
000F   30FF           00040     movlw b'11111111'
Message[302]: Register in operand not in bank 0.  Ensure that bank bits are correct.
0010   0096           00041     movwf IOCB
0011   30F0           00042     movlw b'11110000'
Message[302]: Register in operand not in bank 0.  Ensure that bank bits are correct.
0012   0095           00043     movwf WPUB ; resistencias de pull up bits <4:7>
Message[302]: Register in operand not in bank 0.  Ensure that bank bits are correct.
0013   0188           00044     clrf TRISD ; portd como salida
0014   0187           00045     clrf PORTC ; portc como salida (usado para el multiplexado de los displays)
0015   1283           00046     bcf STATUS,RP0 ; banco 0
0016   0188           00047     clrf PORTD
0017   0186           00048     clrf PORTB
0018   3064           00049     movlw d'100'
0019   0081           00050     movwf TMR0 ; timer 0 comienza desde 100
001A   3004           00051     movlw d'4'
001B   00A2           00052     movwf limite
001C   01A3           00053     clrf unidad
001D   01A4           00054     clrf decena
001E   01A5           00055     clrf centena
001F   01A6           00056     clrf unmil
0020   01A1           00057     clrf salto
                      00058     
0021                  00059 PRINCIPAL
0021   0000           00060     nop
0022   2???           00061     goto PRINCIPAL
                      00062     
0023                  00063 INTERRUPCION
0023   180B           00064     btfsc INTCON,RBIF ;¿fue una intrerrupcion causada por el teclado?
0024   2???           00065     goto TECLADO ; Si, fue una interrupcion de teclado
0025   2???           00066     goto REFRESCO ;No, fue del timer 0
                      00067     
0026                  00068 TECLADO
0026   2???           00069     call RETARDO ;llamo a un retardo de 20ms por software para eliminar rebotes
0027   3064           00070     movlw d'100'
0028   0081           00071     movwf TMR0
                      00072 
0029                  00073 BIT1                ; pruebo columna de RB1
0029   300D           00074     movlw b'00001101'
002A   0086           00075     movwf PORTB
002B   1E06           00076     btfss PORTB,4 ;se apreto tecla en la fila de RB4? (0 si/1 no)
002C   2???           00077     goto TRES
002D   1E86           00078     btfss PORTB,5
002E   2???           00079     goto SEIS
002F   1F06           00080     btfss PORTB,6
0030   2???           00081     goto NUEVE
0031   1F86           00082     btfss PORTB,7
0032   2???           00083     goto NUM
                      00084     
MPASM 5.66               TECLADOCOMPLETO.ASM   6-14-2016  20:00:09         PAGE  3


LOC  OBJECT CODE     LINE SOURCE TEXT
  VALUE

0033                  00085 BIT2                ; pruebo bit de la columna RB2
0033   300B           00086     movlw b'00001011'
0034   0086           00087     movwf PORTB
0035   1E06           00088     btfss PORTB,4 ;se apreto tecla en la fila de RB4? (0 si/1 no)
0036   2???           00089     goto DOS
0037   1E86           00090     btfss PORTB,5
0038   2???           00091     goto CINCO
0039   1F06           00092     btfss PORTB,6
003A   2???           00093     goto OCHO
003B   1F86           00094     btfss PORTB,7
003C   2???           00095     goto CERO
                      00096     
003D                  00097 BIT3                ; pruebo bit de la columna RB3
003D   3007           00098     movlw b'00000111'
003E   0086           00099     movwf PORTB
003F   1E06           00100     btfss PORTB,4 ;se apreto tecla en la fila de RB4? (0 si/1 no)
0040   2???           00101     goto UNO
0041   1E86           00102     btfss PORTB,5
0042   2???           00103     goto CUATRO
0043   1F06           00104     btfss PORTB,6
0044   2???           00105     goto SIETE
0045   1F86           00106     btfss PORTB,7
0046   2???           00107     goto AST
                      00108     
                      00109 
0047                  00110 NADAAPRETADO
0047   300F           00111     movlw b'00001111'
0048   0086           00112     movwf PORTB
0049   2???           00113     goto FIN
                      00114 
004A                  00115 FIN
004A   0186           00116     clrf PORTB ; dejo el puerto B tal cual quedo al incicio de la ejecucion (los 4 bits mas altos no son
                             afectados por el clrf, quedando en alto por ser de entrada)
004B   100B           00117     bcf INTCON,RBIF
004C   110B           00118     bcf INTCON,T0IF ; se baja la bandera de T0IF porque dentro de esta rutina es muy probable que el tim
                            er 0 desborde
004D   0009           00119     retfie
                      00120     
                      00121 
004E                  00122 UNO
004E   2???           00123     call MOVERNUM
004F   3001           00124     movlw d'1'
0050   2???           00125     call TABLA
0051   00A3           00126     movwf unidad
0052   2???           00127     goto FIN
                      00128     
0053                  00129 DOS
0053   2???           00130     call MOVERNUM
0054   3002           00131     movlw d'2'
0055   2???           00132     call TABLA
0056   00A3           00133     movwf unidad
0057   2???           00134     goto FIN
                      00135     
MPASM 5.66               TECLADOCOMPLETO.ASM   6-14-2016  20:00:09         PAGE  4


LOC  OBJECT CODE     LINE SOURCE TEXT
  VALUE

0058                  00136 TRES
0058   2???           00137     call MOVERNUM
0059   3003           00138     movlw d'3'
005A   2???           00139     call TABLA
005B   00A3           00140     movwf unidad
005C   2???           00141     goto FIN
                      00142     
005D                  00143 CUATRO
005D   2???           00144     call MOVERNUM
005E   3004           00145     movlw d'4'
005F   2???           00146     call TABLA
0060   00A3           00147     movwf unidad
0061   2???           00148     goto FIN
                      00149     
0062                  00150 CINCO
0062   2???           00151     call MOVERNUM
0063   3005           00152     movlw d'5'
0064   2???           00153     call TABLA
0065   00A3           00154     movwf unidad
0066   2???           00155     goto FIN
                      00156     
0067                  00157 SEIS
0067   2???           00158     call MOVERNUM
0068   3006           00159     movlw d'6'
0069   2???           00160     call TABLA
006A   00A3           00161     movwf unidad
006B   2???           00162     goto FIN
                      00163     
006C                  00164 SIETE
006C   2???           00165     call MOVERNUM
006D   3007           00166     movlw d'7'
006E   2???           00167     call TABLA
006F   00A3           00168     movwf unidad
0070   2???           00169     goto FIN
                      00170     
0071                  00171 OCHO
0071   2???           00172     call MOVERNUM
0072   3008           00173     movlw d'8'
0073   2???           00174     call TABLA
0074   00A3           00175     movwf unidad
0075   2???           00176     goto FIN
                      00177     
0076                  00178 NUEVE
0076   2???           00179     call MOVERNUM
0077   3009           00180     movlw d'9'
0078   2???           00181     call TABLA
0079   00A3           00182     movwf unidad
007A   2???           00183     goto FIN
                      00184     
007B                  00185 CERO
007B   2???           00186     call MOVERNUM
007C   3000           00187     movlw d'0'
007D   2???           00188     call TABLA
MPASM 5.66               TECLADOCOMPLETO.ASM   6-14-2016  20:00:09         PAGE  5


LOC  OBJECT CODE     LINE SOURCE TEXT
  VALUE

007E   00A3           00189     movwf unidad
007F   2???           00190     goto FIN
                      00191     
0080                  00192 AST
0080   2???           00193     call MOVERNUM
0081   3000           00194     movlw d'0'
0082   2???           00195     call TABLA
0083   00A3           00196     movwf unidad
0084   2???           00197     goto FIN
                      00198     
0085                  00199 NUM
0085   2???           00200     call MOVERNUM
0086   3000           00201     movlw d'0'
0087   2???           00202     call TABLA
0088   00A3           00203     movwf unidad
0089   2???           00204     goto FIN
                      00205     
008A                  00206 TABLA
                      00207     ;movf contador,0
008A   0782           00208     addwf PCL,1
008B   343F           00209     retlw b'00111111'
008C   3406           00210     retlw b'00000110'
008D   345B           00211     retlw b'01011011'
008E   344F           00212     retlw b'01001111'
008F   3466           00213     retlw b'01100110'
0090   346D           00214     retlw b'01101101'
0091   347D           00215     retlw b'01111101'
0092   3407           00216     retlw b'00000111'
0093   347F           00217     retlw b'01111111'
0094   346F           00218     retlw b'01101111'
                      00219     
0095                  00220 RETARDO
0095   301A           00221     movlw d'26'
0096   00A8           00222     movwf M
0097                  00223 BUCLE2
0097   30FF           00224     movlw d'255'
0098   00A7           00225     movwf N
0099                  00226 BUCLE1
0099   0BA7           00227     decfsz N,1
009A   2???           00228     goto BUCLE1
009B   0BA8           00229     decfsz M,1
009C   2???           00230     goto BUCLE2
009D   0008           00231     return
                      00232     
009E                  00233 MOVERNUM
009E   0825           00234     movf centena,0
009F   00A6           00235     movwf unmil ;muevo el digito de la centena al de la unmil
00A0   0824           00236     movf decena,0
00A1   00A5           00237     movwf centena ;muevo el digito de la decena al de la centena
00A2   0823           00238     movf unidad,0
00A3   00A4           00239     movwf decena ;muevo el digito de la unidad al de la decena
00A4   0008           00240     return
                      00241     
MPASM 5.66               TECLADOCOMPLETO.ASM   6-14-2016  20:00:09         PAGE  6


LOC  OBJECT CODE     LINE SOURCE TEXT
  VALUE

00A5                  00242 REFRESCO
00A5   3064           00243     movlw d'100'
00A6   0081           00244     movwf TMR0 ;vuelvo a inicializar timer 0 con 100
00A7   2???           00245     call CONTADOR
00A8   0821           00246     movf salto,0
Message[305]: Using default destination of 1 (file).
00A9   0782           00247     addwf PCL
00AA   2???           00248     goto B7
00AB   2???           00249     goto B6
00AC   2???           00250     goto B5
00AD   2???           00251     goto B4
00AE                  00252 FIN2
00AE   110B           00253     bcf INTCON,T0IF
00AF   0009           00254     retfie
                      00255     
00B0                  00256 CONTADOR
00B0   0AA1           00257     incf salto,1
00B1   0822           00258     movf limite,0
00B2   0621           00259     xorwf salto,0
00B3   1903           00260     btfsc STATUS,Z
00B4   01A1           00261     clrf salto
00B5   0008           00262     return
                      00263     
00B6                  00264 B4
00B6   0187           00265     clrf PORTC
00B7   0826           00266     movf unmil,0
00B8   0088           00267     movwf PORTD
00B9   1607           00268     bsf PORTC,4
00BA   2???           00269     goto FIN2
                      00270     
00BB                  00271 B5
00BB   0187           00272     clrf PORTC
00BC   0825           00273     movf centena,0
00BD   0088           00274     movwf PORTD
00BE   1687           00275     bsf PORTC,5
00BF   2???           00276     goto FIN2
                      00277     
00C0                  00278 B6
00C0   0187           00279     clrf PORTC
00C1   0823           00280     movf unidad,0
00C2   0088           00281     movwf PORTD
00C3   1707           00282     bsf PORTC,6
00C4   2???           00283     goto FIN2
                      00284     
00C5                  00285 B7
00C5   0187           00286     clrf PORTC
00C6   0824           00287     movf decena,0
00C7   0088           00288     movwf PORTD
00C8   1787           00289     bsf PORTC,7
00C9   2???           00290     goto FIN2
                      00291     
Warning[205]: Found directive in column 1. (end)
27E1 3FFF             00292 end
MPASM 5.66               TECLADOCOMPLETO.ASM   6-14-2016  20:00:09         PAGE  7


SYMBOL TABLE
  LABEL                             VALUE 

ABDEN                             00000000
ABDOVF                            00000007
ACKDT                             00000005
ACKEN                             00000004
ACKSTAT                           00000006
ADCON0                            0000001F
ADCON1                            0000009F
ADCS0                             00000006
ADCS1                             00000007
ADDEN                             00000003
ADFM                              00000007
ADIE                              00000006
ADIF                              00000006
ADON                              00000000
ADRESH                            0000001E
ADRESL                            0000009E
ANS0                              00000000
ANS1                              00000001
ANS10                             00000002
ANS11                             00000003
ANS12                             00000004
ANS13                             00000005
ANS2                              00000002
ANS3                              00000003
ANS4                              00000004
ANS5                              00000005
ANS6                              00000006
ANS7                              00000007
ANS8                              00000000
ANS9                              00000001
ANSEL                             00000188
ANSELH                            00000189
AST                               00000080
B4                                000000B6
B5                                000000BB
B6                                000000C0
B7                                000000C5
BAUDCTL                           00000187
BCLIE                             00000003
BCLIF                             00000003
BF                                00000000
BIT1                              00000029
BIT2                              00000033
BIT3                              0000003D
BRG0                              00000000
BRG1                              00000001
BRG10                             00000002
BRG11                             00000003
BRG12                             00000004
BRG13                             00000005
BRG14                             00000006
BRG15                             00000007
BRG16                             00000003
MPASM 5.66               TECLADOCOMPLETO.ASM   6-14-2016  20:00:09         PAGE  8


SYMBOL TABLE
  LABEL                             VALUE 

BRG2                              00000002
BRG3                              00000003
BRG4                              00000004
BRG5                              00000005
BRG6                              00000006
BRG7                              00000007
BRG8                              00000000
BRG9                              00000001
BRGH                              00000002
BUCLE1                            00000099
BUCLE2                            00000097
C                                 00000000
C1CH0                             00000000
C1CH1                             00000001
C1IE                              00000005
C1IF                              00000005
C1OE                              00000005
C1ON                              00000007
C1OUT                             00000006
C1POL                             00000004
C1R                               00000002
C1RSEL                            00000005
C1SEN                             00000005
C2CH0                             00000000
C2CH1                             00000001
C2IE                              00000006
C2IF                              00000006
C2OE                              00000005
C2ON                              00000007
C2OUT                             00000006
C2POL                             00000004
C2R                               00000002
C2REN                             00000004
C2RSEL                            00000004
C2SYNC                            00000000
CCP1CON                           00000017
CCP1IE                            00000002
CCP1IF                            00000002
CCP1M0                            00000000
CCP1M1                            00000001
CCP1M2                            00000002
CCP1M3                            00000003
CCP1X                             00000005
CCP1Y                             00000004
CCP2CON                           0000001D
CCP2IE                            00000000
CCP2IF                            00000000
CCP2M0                            00000000
CCP2M1                            00000001
CCP2M2                            00000002
CCP2M3                            00000003
CCP2X                             00000005
CCP2Y                             00000004
MPASM 5.66               TECLADOCOMPLETO.ASM   6-14-2016  20:00:09         PAGE  9


SYMBOL TABLE
  LABEL                             VALUE 

CCPR1                             00000015
CCPR1H                            00000016
CCPR1L                            00000015
CCPR2                             0000001B
CCPR2H                            0000001C
CCPR2L                            0000001B
CERO                              0000007B
CHS0                              00000002
CHS1                              00000003
CHS2                              00000004
CHS3                              00000005
CINCO                             00000062
CKE                               00000006
CKP                               00000004
CM1CON0                           00000107
CM2CON0                           00000108
CM2CON1                           00000109
COMIENZO                          00000005
CONTADOR                          000000B0
CREN                              00000004
CSRC                              00000007
CUATRO                            0000005D
D                                 00000005
DATA_ADDRESS                      00000005
DC                                00000001
DC1B0                             00000004
DC1B1                             00000005
DC2B0                             00000004
DC2B1                             00000005
DOS                               00000053
D_A                               00000005
D_NOT_A                           00000005
ECCPAS                            0000009C
ECCPAS0                           00000004
ECCPAS1                           00000005
ECCPAS2                           00000006
ECCPASE                           00000007
EEADR                             0000010D
EEADRH                            0000010F
EECON1                            0000018C
EECON2                            0000018D
EEDAT                             0000010C
EEDATA                            0000010C
EEDATH                            0000010E
EEIE                              00000004
EEIF                              00000004
EEPGD                             00000007
F                                 00000001
FERR                              00000002
FIN                               0000004A
FIN2                              000000AE
FSR                               00000004
FVREN                             00000000
MPASM 5.66               TECLADOCOMPLETO.ASM   6-14-2016  20:00:09         PAGE 10


SYMBOL TABLE
  LABEL                             VALUE 

GCEN                              00000007
GIE                               00000007
GO                                00000001
GO_DONE                           00000001
GO_NOT_DONE                       00000001
HTS                               00000002
I2C_DATA                          00000005
I2C_READ                          00000002
I2C_START                         00000003
I2C_STOP                          00000004
INDF                              00000000
INTCON                            0000000B
INTE                              00000004
INTEDG                            00000006
INTERRUPCION                      00000023
INTF                              00000001
IOCB                              00000096
IOCB0                             00000000
IOCB1                             00000001
IOCB2                             00000002
IOCB3                             00000003
IOCB4                             00000004
IOCB5                             00000005
IOCB6                             00000006
IOCB7                             00000007
IRCF0                             00000004
IRCF1                             00000005
IRCF2                             00000006
IRP                               00000007
LTS                               00000001
M                                 00000028
MC1OUT                            00000007
MC2OUT                            00000006
MOVERNUM                          0000009E
MSK                               00000093
MSK0                              00000000
MSK1                              00000001
MSK2                              00000002
MSK3                              00000003
MSK4                              00000004
MSK5                              00000005
MSK6                              00000006
MSK7                              00000007
N                                 00000027
NADAAPRETADO                      00000047
NOT_A                             00000005
NOT_ADDRESS                       00000005
NOT_BO                            00000000
NOT_BOR                           00000000
NOT_DONE                          00000001
NOT_PD                            00000003
NOT_POR                           00000001
NOT_RBPU                          00000007
MPASM 5.66               TECLADOCOMPLETO.ASM   6-14-2016  20:00:09         PAGE 11


SYMBOL TABLE
  LABEL                             VALUE 

NOT_RC8                           00000006
NOT_T1SYNC                        00000002
NOT_TO                            00000004
NOT_TX8                           00000006
NOT_W                             00000002
NOT_WRITE                         00000002
NUEVE                             00000076
NUM                               00000085
OCHO                              00000071
OERR                              00000001
OPTION_REG                        00000081
OSCCON                            0000008F
OSCTUNE                           00000090
OSFIE                             00000007
OSFIF                             00000007
OSTS                              00000003
P                                 00000004
P1M0                              00000006
P1M1                              00000007
PCL                               00000002
PCLATH                            0000000A
PCON                              0000008E
PDC0                              00000000
PDC1                              00000001
PDC2                              00000002
PDC3                              00000003
PDC4                              00000004
PDC5                              00000005
PDC6                              00000006
PEIE                              00000006
PEN                               00000002
PIE1                              0000008C
PIE2                              0000008D
PIR1                              0000000C
PIR2                              0000000D
PORTA                             00000005
PORTB                             00000006
PORTC                             00000007
PORTD                             00000008
PORTE                             00000009
PR2                               00000092
PRINCIPAL                         00000021
PRSEN                             00000007
PS0                               00000000
PS1                               00000001
PS2                               00000002
PSA                               00000003
PSSAC0                            00000002
PSSAC1                            00000003
PSSBD0                            00000000
PSSBD1                            00000001
PSTRCON                           0000009D
PULSR                             00000002
MPASM 5.66               TECLADOCOMPLETO.ASM   6-14-2016  20:00:09         PAGE 12


SYMBOL TABLE
  LABEL                             VALUE 

PULSS                             00000003
PWM1CON                           0000009B
R                                 00000002
RA0                               00000000
RA1                               00000001
RA2                               00000002
RA3                               00000003
RA4                               00000004
RA5                               00000005
RA6                               00000006
RA7                               00000007
RB0                               00000000
RB1                               00000001
RB2                               00000002
RB3                               00000003
RB4                               00000004
RB5                               00000005
RB6                               00000006
RB7                               00000007
RBIE                              00000003
RBIF                              00000000
RC0                               00000000
RC1                               00000001
RC2                               00000002
RC3                               00000003
RC4                               00000004
RC5                               00000005
RC6                               00000006
RC7                               00000007
RC8_9                             00000006
RC9                               00000006
RCD8                              00000000
RCEN                              00000003
RCIDL                             00000006
RCIE                              00000005
RCIF                              00000005
RCREG                             0000001A
RCSTA                             00000018
RD                                00000000
RD0                               00000000
RD1                               00000001
RD2                               00000002
RD3                               00000003
RD4                               00000004
RD5                               00000005
RD6                               00000006
RD7                               00000007
RE0                               00000000
RE1                               00000001
RE2                               00000002
RE3                               00000003
READ_WRITE                        00000002
REFRESCO                          000000A5
MPASM 5.66               TECLADOCOMPLETO.ASM   6-14-2016  20:00:09         PAGE 13


SYMBOL TABLE
  LABEL                             VALUE 

RETARDO                           00000095
RP0                               00000005
RP1                               00000006
RSEN                              00000001
RX9                               00000006
RX9D                              00000000
R_NOT_W                           00000002
R_W                               00000002
S                                 00000003
SBOREN                            00000004
SCKP                              00000004
SCS                               00000000
SEIS                              00000067
SEN                               00000000
SENDB                             00000003
SIETE                             0000006C
SMP                               00000007
SPBRG                             00000099
SPBRGH                            0000009A
SPEN                              00000007
SR0                               00000006
SR1                               00000007
SRCON                             00000185
SREN                              00000005
SSPADD                            00000093
SSPBUF                            00000013
SSPCON                            00000014
SSPCON2                           00000091
SSPEN                             00000005
SSPIE                             00000003
SSPIF                             00000003
SSPM0                             00000000
SSPM1                             00000001
SSPM2                             00000002
SSPM3                             00000003
SSPMSK                            00000093
SSPOV                             00000006
SSPSTAT                           00000094
STATUS                            00000003
STRA                              00000000
STRB                              00000001
STRC                              00000002
STRD                              00000003
STRSYNC                           00000004
SWDTEN                            00000000
SYNC                              00000004
T0CS                              00000005
T0IE                              00000005
T0IF                              00000002
T0SE                              00000004
T1CKPS0                           00000004
T1CKPS1                           00000005
T1CON                             00000010
MPASM 5.66               TECLADOCOMPLETO.ASM   6-14-2016  20:00:09         PAGE 14


SYMBOL TABLE
  LABEL                             VALUE 

T1GINV                            00000007
T1GIV                             00000007
T1GSS                             00000001
T1INSYNC                          00000002
T1OSCEN                           00000003
T1SYNC                            00000002
T2CKPS0                           00000000
T2CKPS1                           00000001
T2CON                             00000012
TABLA                             0000008A
TECLADO                           00000026
TMR0                              00000001
TMR0IE                            00000005
TMR0IF                            00000002
TMR1                              0000000E
TMR1CS                            00000001
TMR1GE                            00000006
TMR1H                             0000000F
TMR1IE                            00000000
TMR1IF                            00000000
TMR1L                             0000000E
TMR1ON                            00000000
TMR2                              00000011
TMR2IE                            00000001
TMR2IF                            00000001
TMR2ON                            00000002
TOUTPS0                           00000003
TOUTPS1                           00000004
TOUTPS2                           00000005
TOUTPS3                           00000006
TRES                              00000058
TRISA                             00000085
TRISA0                            00000000
TRISA1                            00000001
TRISA2                            00000002
TRISA3                            00000003
TRISA4                            00000004
TRISA5                            00000005
TRISA6                            00000006
TRISA7                            00000007
TRISB                             00000086
TRISB0                            00000000
TRISB1                            00000001
TRISB2                            00000002
TRISB3                            00000003
TRISB4                            00000004
TRISB5                            00000005
TRISB6                            00000006
TRISB7                            00000007
TRISC                             00000087
TRISC0                            00000000
TRISC1                            00000001
TRISC2                            00000002
MPASM 5.66               TECLADOCOMPLETO.ASM   6-14-2016  20:00:09         PAGE 15


SYMBOL TABLE
  LABEL                             VALUE 

TRISC3                            00000003
TRISC4                            00000004
TRISC5                            00000005
TRISC6                            00000006
TRISC7                            00000007
TRISD                             00000088
TRISD0                            00000000
TRISD1                            00000001
TRISD2                            00000002
TRISD3                            00000003
TRISD4                            00000004
TRISD5                            00000005
TRISD6                            00000006
TRISD7                            00000007
TRISE                             00000089
TRISE0                            00000000
TRISE1                            00000001
TRISE2                            00000002
TRISE3                            00000003
TRMT                              00000001
TUN0                              00000000
TUN1                              00000001
TUN2                              00000002
TUN3                              00000003
TUN4                              00000004
TX8_9                             00000006
TX9                               00000006
TX9D                              00000000
TXD8                              00000000
TXEN                              00000005
TXIE                              00000004
TXIF                              00000004
TXREG                             00000019
TXSTA                             00000098
UA                                00000001
ULPWUE                            00000005
ULPWUIE                           00000002
ULPWUIF                           00000002
UNO                               0000004E
VCFG0                             00000004
VCFG1                             00000005
VR0                               00000000
VR1                               00000001
VR2                               00000002
VR3                               00000003
VRCON                             00000097
VREN                              00000007
VROE                              00000006
VRR                               00000005
VRSS                              00000004
W                                 00000000
WCOL                              00000007
WDTCON                            00000105
MPASM 5.66               TECLADOCOMPLETO.ASM   6-14-2016  20:00:09         PAGE 16


SYMBOL TABLE
  LABEL                             VALUE 

WDTPS0                            00000001
WDTPS1                            00000002
WDTPS2                            00000003
WDTPS3                            00000004
WPUB                              00000095
WPUB0                             00000000
WPUB1                             00000001
WPUB2                             00000002
WPUB3                             00000003
WPUB4                             00000004
WPUB5                             00000005
WPUB6                             00000006
WPUB7                             00000007
WR                                00000001
WREN                              00000002
WRERR                             00000003
WUE                               00000001
Z                                 00000002
_BOR21V                           00003EFF
_BOR40V                           00003FFF
_BOR4V_BOR21V                     00003EFF
_BOR4V_BOR40V                     00003FFF
_BOREN_NSLEEP                     00003EFF
_BOREN_OFF                        00003CFF
_BOREN_ON                         00003FFF
_BOREN_SBODEN                     00003DFF
_BOR_NSLEEP                       00003EFF
_BOR_OFF                          00003CFF
_BOR_ON                           00003FFF
_BOR_SBODEN                       00003DFF
_CONFIG1                          00002007
_CONFIG2                          00002008
_CPD_OFF                          00003FFF
_CPD_ON                           00003F7F
_CP_OFF                           00003FFF
_CP_ON                            00003FBF
_DEBUG_OFF                        00003FFF
_DEBUG_ON                         00001FFF
_DEVID1                           00002006
_EC_OSC                           00003FFB
_EXTRC                            00003FFF
_EXTRCIO                          00003FFE
_EXTRC_OSC_CLKOUT                 00003FFF
_EXTRC_OSC_NOCLKOUT               00003FFE
_FCMEN_OFF                        000037FF
_FCMEN_ON                         00003FFF
_FOSC_EC                          00003FFB
_FOSC_EXTRC_CLKOUT                00003FFF
_FOSC_EXTRC_NOCLKOUT              00003FFE
_FOSC_HS                          00003FFA
_FOSC_INTRC_CLKOUT                00003FFD
_FOSC_INTRC_NOCLKOUT              00003FFC
_FOSC_LP                          00003FF8
MPASM 5.66               TECLADOCOMPLETO.ASM   6-14-2016  20:00:09         PAGE 17


SYMBOL TABLE
  LABEL                             VALUE 

_FOSC_XT                          00003FF9
_HS_OSC                           00003FFA
_IDLOC0                           00002000
_IDLOC1                           00002001
_IDLOC2                           00002002
_IDLOC3                           00002003
_IESO_OFF                         00003BFF
_IESO_ON                          00003FFF
_INTOSC                           00003FFD
_INTOSCIO                         00003FFC
_INTRC_OSC_CLKOUT                 00003FFD
_INTRC_OSC_NOCLKOUT               00003FFC
_LP_OSC                           00003FF8
_LVP_OFF                          00002FFF
_LVP_ON                           00003FFF
_MCLRE_OFF                        00003FDF
_MCLRE_ON                         00003FFF
_PWRTE_OFF                        00003FFF
_PWRTE_ON                         00003FEF
_WDTE_OFF                         00003FF7
_WDTE_ON                          00003FFF
_WDT_OFF                          00003FF7
_WDT_ON                           00003FFF
_WRT_1FOURTH                      00003BFF
_WRT_256                          00003DFF
_WRT_HALF                         000039FF
_WRT_OFF                          00003FFF
_XT_OSC                           00003FF9
__16F887                          00000001
__DEBUG                           
__MPLAB_DEBUGGER_SIMULATOR        1
centena                           00000025
decena                            00000024
limite                            00000022
mult                              00000020
salto                             00000021
unidad                            00000023
unmil                             00000026

Errors   :     0
Warnings :     5 reported,     0 suppressed
Messages :     7 reported,     0 suppressed

