MPASM  5.51                      CONTADOR.ASM   1-27-2016  16:29:00         PAGE  1


LOC  OBJECT CODE     LINE SOURCE TEXT
  VALUE

Warning[205]: Found directive in column 1. (LIST)
                      00001 LIST p=16F84A
Warning[205]: Found directive in column 1. (INCLUDE)
                      00002 INCLUDE <P16F84A.INC>
                      00001         LIST
                      00002 
                      00003 ;==========================================================================
                      00004 ;  MPASM PIC16F84A processor include
                      00005 ; 
                      00006 ;  (c) Copyright 1999-2013 Microchip Technology, All rights reserved
                      00007 ;==========================================================================
                      00008 
                      00208         LIST
Warning[205]: Found directive in column 1. (__CONFIG)
2007   3FF1           00003 __CONFIG _CP_OFF & _WDT_OFF & _PWRTE_ON & _XT_OSC
                      00004 
Warning[205]: Found directive in column 1. (CBLOCK)
                      00005 CBLOCK 0x0c
                      00006 
Warning[205]: Found directive in column 1. (ENDC)
                      00007 ENDC
                      00008 
                      00009 #DEFINE Display PORTB
Warning[205]: Found directive in column 1. (org)
0000                  00010 org 0
                      00011 
Warning[203]: Found opcode in column 1. (BSF)
0000   1683           00012 BSF STATUS,RP0
Warning[203]: Found opcode in column 1. (CLRF)
0001   0186           00013 CLRF Display ; Salida
Warning[203]: Found opcode in column 1. (BCF)
0002   1283           00014 BCF STATUS,RP0
                      00015 
0003                  00016 INICIO
                      00017 
0003   30F9           00018                 MOVLW B'11111001'
0004   0086           00019                 MOVWF Display
0005   201E           00020                 call Retardo_200ms
0006   2803           00021                 goto INICIO
                      00022 
                      00023 
                      00024 
                      00025 
Warning[205]: Found directive in column 1. (include)
                      00026 include<Retardos.inc>
                      00001 ;**************************** Librería "RETARDOS.INC" *********************************
                      00002 ;
                      00003 ;       ===================================================================
                      00004 ;         Del libro "MICROCONTROLADOR PIC16F84. DESARROLLO DE PROYECTOS"
                      00005 ;         E. Palacios, F. Remiro y L. López.
                      00006 ;         Editorial Ra-Ma.  www.ra-ma.es
                      00007 ;       ===================================================================
                      00008 ;
MPASM  5.51                      CONTADOR.ASM   1-27-2016  16:29:00         PAGE  2


LOC  OBJECT CODE     LINE SOURCE TEXT
  VALUE

                      00009 ; Librería con múltiples subrutinas de retardos, desde 4 microsegundos hasta 20 segundos. 
                      00010 ; Además se pueden implementar otras subrutinas muy fácilmente.
                      00011 ;
                      00012 ; Se han calculado para un sistema microcontrolador con un PIC trabajando con un cristal
                      00013 ; de cuarzo a 4 MHz. Como cada ciclo máquina son 4 ciclos de reloj, resulta que cada
                      00014 ; ciclo máquina tarda 4 x 1/4MHz = 1 µs.
                      00015 ;
                      00016 ; En los comentarios, "cm" significa "ciclos máquina".
                      00017 ;
                      00018 ; ZONA DE DATOS *********************************************************************
                      00019 
                      00020         CBLOCK
  0000000C            00021         R_ContA                         ; Contadores para los retardos.
  0000000D            00022         R_ContB
  0000000E            00023         R_ContC
                      00024         ENDC
                      00025 ;
                      00026 ; RETARDOS de 4 hasta 10 microsegundos ---------------------------------------------------
                      00027 ;
                      00028 ; A continuación retardos pequeños teniendo en cuenta que para una frecuencia de 4 MHZ,
                      00029 ; la llamada a subrutina "call" tarda 2 ciclos máquina, el retorno de subrutina
                      00030 ; "return" toma otros 2 ciclos máquina y cada instrucción "nop" tarda 1 ciclo máquina.
                      00031 ;
0007                  00032 Retardo_10micros                                ; La llamada "call" aporta 2 ciclos máquina.
0007   0000           00033         nop                             ; Aporta 1 ciclo máquina.
0008   0000           00034         nop                             ; Aporta 1 ciclo máquina.
0009   0000           00035         nop                             ; Aporta 1 ciclo máquina.
000A   0000           00036         nop                             ; Aporta 1 ciclo máquina.
000B   0000           00037         nop                             ; Aporta 1 ciclo máquina.
000C                  00038 Retardo_5micros                         ; La llamada "call" aporta 2 ciclos máquina.
000C   0000           00039         nop                             ; Aporta 1 ciclo máquina.
000D                  00040 Retardo_4micros                         ; La llamada "call" aporta 2 ciclos máquina.
000D   0008           00041         return                          ; El salto del retorno aporta 2 ciclos máquina.
                      00042 ;
                      00043 ; RETARDOS de 20 hasta 500 microsegundos ------------------------------------------------
                      00044 ;
000E                  00045 Retardo_500micros                               ; La llamada "call" aporta 2 ciclos máquina.
000E   0000           00046         nop                             ; Aporta 1 ciclo máquina.
000F   30A4           00047         movlw   d'164'                  ; Aporta 1 ciclo máquina. Este es el valor de "K".
0010   281A           00048         goto    RetardoMicros           ; Aporta 2 ciclos máquina.
0011                  00049 Retardo_200micros                               ; La llamada "call" aporta 2 ciclos máquina.
0011   0000           00050         nop                             ; Aporta 1 ciclo máquina.
0012   3040           00051         movlw   d'64'                   ; Aporta 1 ciclo máquina. Este es el valor de "K".
0013   281A           00052         goto    RetardoMicros           ; Aporta 2 ciclos máquina.
0014                  00053 Retardo_100micros                               ; La llamada "call" aporta 2 ciclos máquina.
0014   301F           00054         movlw   d'31'                   ; Aporta 1 ciclo máquina. Este es el valor de "K".
0015   281A           00055         goto    RetardoMicros           ; Aporta 2 ciclos máquina.
0016                  00056 Retardo_50micros                                ; La llamada "call" aporta 2 ciclos máquina.
0016   0000           00057         nop                             ; Aporta 1 ciclo máquina.
0017   300E           00058         movlw   d'14'                   ; Aporta 1 ciclo máquina. Este es el valor de "K".
0018   281A           00059         goto    RetardoMicros           ; Aporta 2 ciclos máquina.
0019                  00060 Retardo_20micros                                ; La llamada "call" aporta 2 ciclos máquina.
0019   3005           00061         movlw   d'5'                    ; Aporta 1 ciclo máquina. Este es el valor de "K".
MPASM  5.51                      CONTADOR.ASM   1-27-2016  16:29:00         PAGE  3


LOC  OBJECT CODE     LINE SOURCE TEXT
  VALUE

                      00062 ;
                      00063 ; El próximo bloque "RetardoMicros" tarda:
                      00064 ; 1 + (K-1) + 2 + (K-1)x2 + 2 = (2 + 3K) ciclos máquina.
                      00065 ;
001A                  00066 RetardoMicros
001A   008C           00067         movwf   R_ContA                 ; Aporta 1 ciclo máquina.
001B                  00068 Rmicros_Bucle
001B   0B8C           00069         decfsz  R_ContA,F               ; (K-1)x1 cm (cuando no salta) + 2 cm (al saltar).
001C   281B           00070         goto    Rmicros_Bucle           ; Aporta (K-1)x2 ciclos máquina.
001D   0008           00071         return                          ; El salto del retorno aporta 2 ciclos máquina.
                      00072 ;
                      00073 ;En total estas subrutinas tardan:
                      00074 ; - Retardo_500micros:  2 + 1 + 1 + 2 + (2 + 3K) = 500 cm = 500 µs. (para K=164 y 4 MHz).
                      00075 ; - Retardo_200micros:  2 + 1 + 1 + 2 + (2 + 3K) = 200 cm = 200 µs. (para K= 64 y 4 MHz).
                      00076 ; - Retardo_100micros:  2     + 1 + 2 + (2 + 3K) = 100 cm = 100 µs. (para K= 31 y 4 MHz).
                      00077 ; - Retardo_50micros :  2 + 1 + 1 + 2 + (2 + 3K) =  50 cm =  50 µs. (para K= 14 y 4 MHz).
                      00078 ; - Retardo_20micros :  2     + 1     + (2 + 3K) =  20 cm =  20 µs. (para K=  5 y 4 MHz).
                      00079 ;
                      00080 ; RETARDOS de 1 ms hasta 200 ms. --------------------------------------------------------
                      00081 ;
001E                  00082 Retardo_200ms                           ; La llamada "call" aporta 2 ciclos máquina.
001E   30C8           00083         movlw   d'200'                  ; Aporta 1 ciclo máquina. Este es el valor de "M".
001F   282D           00084         goto    Retardos_ms             ; Aporta 2 ciclos máquina.
0020                  00085 Retardo_100ms                           ; La llamada "call" aporta 2 ciclos máquina.
0020   3064           00086         movlw   d'100'                  ; Aporta 1 ciclo máquina. Este es el valor de "M".
0021   282D           00087         goto    Retardos_ms             ; Aporta 2 ciclos máquina.
0022                  00088 Retardo_50ms                            ; La llamada "call" aporta 2 ciclos máquina.
0022   3032           00089         movlw   d'50'                   ; Aporta 1 ciclo máquina. Este es el valor de "M".
0023   282D           00090         goto    Retardos_ms             ; Aporta 2 ciclos máquina.
0024                  00091 Retardo_20ms                            ; La llamada "call" aporta 2 ciclos máquina.
0024   3014           00092         movlw   d'20'                   ; Aporta 1 ciclo máquina. Este es el valor de "M".
0025   282D           00093         goto    Retardos_ms             ; Aporta 2 ciclos máquina.
0026                  00094 Retardo_10ms                            ; La llamada "call" aporta 2 ciclos máquina.
0026   300A           00095         movlw   d'10'                   ; Aporta 1 ciclo máquina. Este es el valor de "M".
0027   282D           00096         goto    Retardos_ms             ; Aporta 2 ciclos máquina.
0028                  00097 Retardo_5ms                             ; La llamada "call" aporta 2 ciclos máquina.
0028   3005           00098         movlw   d'5'                    ; Aporta 1 ciclo máquina. Este es el valor de "M".
0029   282D           00099         goto    Retardos_ms             ; Aporta 2 ciclos máquina.
002A                  00100 Retardo_2ms                             ; La llamada "call" aporta 2 ciclos máquina.
002A   3002           00101         movlw   d'2'                    ; Aporta 1 ciclo máquina. Este es el valor de "M".
002B   282D           00102         goto    Retardos_ms             ; Aporta 2 ciclos máquina.
002C                  00103 Retardo_1ms                             ; La llamada "call" aporta 2 ciclos máquina.
002C   3001           00104         movlw   d'1'                    ; Aporta 1 ciclo máquina. Este es el valor de "M".
                      00105 ;
                      00106 ; El próximo bloque "Retardos_ms" tarda:
                      00107 ; 1 + M + M + KxM + (K-1)xM + Mx2 + (K-1)Mx2 + (M-1) + 2 + (M-1)x2 + 2 =
                      00108 ; = (2 + 4M + 4KM) ciclos máquina. Para K=249 y M=1 supone 1002 ciclos máquina
                      00109 ; que a 4 MHz son 1002 µs = 1 ms.
                      00110 ;
002D                  00111 Retardos_ms
002D   008D           00112         movwf   R_ContB                 ; Aporta 1 ciclo máquina.
002E                  00113 R1ms_BucleExterno
002E   30F9           00114         movlw   d'249'                  ; Aporta Mx1 ciclos máquina. Este es el valor de "K".
MPASM  5.51                      CONTADOR.ASM   1-27-2016  16:29:00         PAGE  4


LOC  OBJECT CODE     LINE SOURCE TEXT
  VALUE

002F   008C           00115         movwf   R_ContA                 ; Aporta Mx1 ciclos máquina.
0030                  00116 R1ms_BucleInterno
0030   0000           00117         nop                             ; Aporta KxMx1 ciclos máquina.
0031   0B8C           00118         decfsz  R_ContA,F               ; (K-1)xMx1 cm (cuando no salta) + Mx2 cm (al saltar).
0032   2830           00119         goto    R1ms_BucleInterno               ; Aporta (K-1)xMx2 ciclos máquina.
0033   0B8D           00120         decfsz  R_ContB,F               ; (M-1)x1 cm (cuando no salta) + 2 cm (al saltar).
0034   282E           00121         goto    R1ms_BucleExterno       ; Aporta (M-1)x2 ciclos máquina.
0035   0008           00122         return                          ; El salto del retorno aporta 2 ciclos máquina.
                      00123 ;
                      00124 ;En total estas subrutinas tardan:
                      00125 ; - Retardo_200ms:      2 + 1 + 2 + (2 + 4M + 4KM) = 200007 cm = 200 ms. (M=200 y K=249).
                      00126 ; - Retardo_100ms:      2 + 1 + 2 + (2 + 4M + 4KM) = 100007 cm = 100 ms. (M=100 y K=249).
                      00127 ; - Retardo_50ms :      2 + 1 + 2 + (2 + 4M + 4KM) =  50007 cm =  50 ms. (M= 50 y K=249).
                      00128 ; - Retardo_20ms :      2 + 1 + 2 + (2 + 4M + 4KM) =  20007 cm =  20 ms. (M= 20 y K=249).
                      00129 ; - Retardo_10ms :      2 + 1 + 2 + (2 + 4M + 4KM) =  10007 cm =  10 ms. (M= 10 y K=249).
                      00130 ; - Retardo_5ms  :      2 + 1 + 2 + (2 + 4M + 4KM) =   5007 cm =   5 ms. (M=  5 y K=249).
                      00131 ; - Retardo_2ms  :      2 + 1 + 2 + (2 + 4M + 4KM) =   2007 cm =   2 ms. (M=  2 y K=249).
                      00132 ; - Retardo_1ms  :      2 + 1     + (2 + 4M + 4KM) =   1005 cm =   1 ms. (M=  1 y K=249).
                      00133 ;
                      00134 ; RETARDOS de 0.5 hasta 20 segundos ---------------------------------------------------
                      00135 ;
0036                  00136 Retardo_20s                             ; La llamada "call" aporta 2 ciclos máquina.
0036   30C8           00137         movlw   d'200'                  ; Aporta 1 ciclo máquina. Este es el valor de "N".
0037   2841           00138         goto    Retardo_1Decima         ; Aporta 2 ciclos máquina.
0038                  00139 Retardo_10s                             ; La llamada "call" aporta 2 ciclos máquina.
0038   3064           00140         movlw   d'100'                  ; Aporta 1 ciclo máquina. Este es el valor de "N".
0039   2841           00141         goto    Retardo_1Decima         ; Aporta 2 ciclos máquina.
003A                  00142 Retardo_5s                              ; La llamada "call" aporta 2 ciclos máquina.
003A   3032           00143         movlw   d'50'                   ; Aporta 1 ciclo máquina. Este es el valor de "N".
003B   2841           00144         goto    Retardo_1Decima         ; Aporta 2 ciclos máquina.
003C                  00145 Retardo_2s                              ; La llamada "call" aporta 2 ciclos máquina.
003C   3014           00146         movlw   d'20'                   ; Aporta 1 ciclo máquina. Este es el valor de "N".
003D   2841           00147         goto    Retardo_1Decima         ; Aporta 2 ciclos máquina.
003E                  00148 Retardo_1s                              ; La llamada "call" aporta 2 ciclos máquina.
003E   300A           00149         movlw   d'10'                   ; Aporta 1 ciclo máquina. Este es el valor de "N".
003F   2841           00150         goto    Retardo_1Decima         ; Aporta 2 ciclos máquina.
0040                  00151 Retardo_500ms                           ; La llamada "call" aporta 2 ciclos máquina.
0040   3005           00152         movlw   d'5'                    ; Aporta 1 ciclo máquina. Este es el valor de "N".
                      00153 ;
                      00154 ; El próximo bloque "Retardo_1Decima" tarda:
                      00155 ; 1 + N + N + MxN + MxN + KxMxN + (K-1)xMxN + MxNx2 + (K-1)xMxNx2 +
                      00156 ;   + (M-1)xN + Nx2 + (M-1)xNx2 + (N-1) + 2 + (N-1)x2 + 2 =
                      00157 ; = (2 + 4M + 4MN + 4KM) ciclos máquina. Para K=249, M=100 y N=1 supone 100011
                      00158 ; ciclos máquina que a 4 MHz son 100011 µs = 100 ms = 0,1 s = 1 décima de segundo.
                      00159 ;
0041                  00160 Retardo_1Decima
0041   008E           00161         movwf   R_ContC                 ; Aporta 1 ciclo máquina.
0042                  00162 R1Decima_BucleExterno2
0042   3064           00163         movlw   d'100'                  ; Aporta Nx1 ciclos máquina. Este es el valor de "M".
0043   008D           00164         movwf   R_ContB                 ; Aporta Nx1 ciclos máquina.
0044                  00165 R1Decima_BucleExterno
0044   30F9           00166         movlw   d'249'                  ; Aporta MxNx1 ciclos máquina. Este es el valor de "K".
0045   008C           00167         movwf   R_ContA                 ; Aporta MxNx1 ciclos máquina.
MPASM  5.51                      CONTADOR.ASM   1-27-2016  16:29:00         PAGE  5


LOC  OBJECT CODE     LINE SOURCE TEXT
  VALUE

0046                  00168 R1Decima_BucleInterno          
0046   0000           00169         nop                             ; Aporta KxMxNx1 ciclos máquina.
0047   0B8C           00170         decfsz  R_ContA,F               ; (K-1)xMxNx1 cm (si no salta) + MxNx2 cm (al saltar).
0048   2846           00171         goto    R1Decima_BucleInterno   ; Aporta (K-1)xMxNx2 ciclos máquina.
0049   0B8D           00172         decfsz  R_ContB,F               ; (M-1)xNx1 cm (cuando no salta) + Nx2 cm (al saltar).
004A   2844           00173         goto    R1Decima_BucleExterno   ; Aporta (M-1)xNx2 ciclos máquina.
004B   0B8E           00174         decfsz  R_ContC,F               ; (N-1)x1 cm (cuando no salta) + 2 cm (al saltar).
004C   2842           00175         goto    R1Decima_BucleExterno2  ; Aporta (N-1)x2 ciclos máquina.
004D   0008           00176         return                          ; El salto del retorno aporta 2 ciclos máquina.
                      00177 ;
                      00178 ;En total estas subrutinas tardan:
                      00179 ; - Retardo_20s:        2 + 1 + 2 + (2 + 4N + 4MN + 4KMN) = 20000807 cm = 20 s.
                      00180 ;                       (N=200, M=100 y K=249).
                      00181 ; - Retardo_10s:        2 + 1 + 2 + (2 + 4N + 4MN + 4KMN) = 10000407 cm = 10 s.
                      00182 ;                       (N=100, M=100 y K=249).
                      00183 ; - Retardo_5s:         2 + 1 + 2 + (2 + 4N + 4MN + 4KMN) =  5000207 cm =  5 s.
                      00184 ;                       (N= 50, M=100 y K=249).
                      00185 ; - Retardo_2s:         2 + 1 + 2 + (2 + 4N + 4MN + 4KMN) =  2000087 cm =  2 s.
                      00186 ;                       (N= 20, M=100 y K=249).
                      00187 ; - Retardo_1s:         2 + 1 + 2 + (2 + 4N + 4MN + 4KMN) =  1000047 cm =  1 s.
                      00188 ;                       (N= 10, M=100 y K=249).
                      00189 ; - Retardo_500ms:      2 + 1     + (2 + 4N + 4MN + 4KMN) =   500025 cm = 0,5 s.
                      00190 ;                       (N=  5, M=100 y K=249).
                      00191 
                      00192 ;       ===================================================================
                      00193 ;         Del libro "MICROCONTROLADOR PIC16F84. DESARROLLO DE PROYECTOS"
                      00194 ;         E. Palacios, F. Remiro y L. López.
                      00195 ;         Editorial Ra-Ma.  www.ra-ma.es
                      00196 ;       ===================================================================
Warning[205]: Found directive in column 1. (END)
                      00027 END
MPASM  5.51                      CONTADOR.ASM   1-27-2016  16:29:00         PAGE  6


SYMBOL TABLE
  LABEL                             VALUE 

C                                 00000000
DC                                00000001
Display                           PORTB
EEADR                             00000009
EECON1                            00000088
EECON2                            00000089
EEDATA                            00000008
EEIE                              00000006
EEIF                              00000004
F                                 00000001
FSR                               00000004
GIE                               00000007
INDF                              00000000
INICIO                            00000003
INTCON                            0000000B
INTE                              00000004
INTEDG                            00000006
INTF                              00000001
IRP                               00000007
NOT_PD                            00000003
NOT_RBPU                          00000007
NOT_TO                            00000004
OPTION_REG                        00000081
PCL                               00000002
PCLATH                            0000000A
PORTA                             00000005
PORTB                             00000006
PS0                               00000000
PS1                               00000001
PS2                               00000002
PSA                               00000003
R1Decima_BucleExterno             00000044
R1Decima_BucleExterno2            00000042
R1Decima_BucleInterno             00000046
R1ms_BucleExterno                 0000002E
R1ms_BucleInterno                 00000030
RA0                               00000000
RA1                               00000001
RA2                               00000002
RA3                               00000003
RA4                               00000004
RB0                               00000000
RB1                               00000001
RB2                               00000002
RB3                               00000003
RB4                               00000004
RB5                               00000005
RB6                               00000006
RB7                               00000007
RBIE                              00000003
RBIF                              00000000
RD                                00000000
RP0                               00000005
MPASM  5.51                      CONTADOR.ASM   1-27-2016  16:29:00         PAGE  7


SYMBOL TABLE
  LABEL                             VALUE 

RP1                               00000006
R_ContA                           0000000C
R_ContB                           0000000D
R_ContC                           0000000E
RetardoMicros                     0000001A
Retardo_100micros                 00000014
Retardo_100ms                     00000020
Retardo_10micros                  00000007
Retardo_10ms                      00000026
Retardo_10s                       00000038
Retardo_1Decima                   00000041
Retardo_1ms                       0000002C
Retardo_1s                        0000003E
Retardo_200micros                 00000011
Retardo_200ms                     0000001E
Retardo_20micros                  00000019
Retardo_20ms                      00000024
Retardo_20s                       00000036
Retardo_2ms                       0000002A
Retardo_2s                        0000003C
Retardo_4micros                   0000000D
Retardo_500micros                 0000000E
Retardo_500ms                     00000040
Retardo_50micros                  00000016
Retardo_50ms                      00000022
Retardo_5micros                   0000000C
Retardo_5ms                       00000028
Retardo_5s                        0000003A
Retardos_ms                       0000002D
Rmicros_Bucle                     0000001B
STATUS                            00000003
T0CS                              00000005
T0IE                              00000005
T0IF                              00000002
T0SE                              00000004
TMR0                              00000001
TMR0IE                            00000005
TMR0IF                            00000002
TRISA                             00000085
TRISA0                            00000000
TRISA1                            00000001
TRISA2                            00000002
TRISA3                            00000003
TRISA4                            00000004
TRISB                             00000086
TRISB0                            00000000
TRISB1                            00000001
TRISB2                            00000002
TRISB3                            00000003
TRISB4                            00000004
TRISB5                            00000005
TRISB6                            00000006
TRISB7                            00000007
MPASM  5.51                      CONTADOR.ASM   1-27-2016  16:29:00         PAGE  8


SYMBOL TABLE
  LABEL                             VALUE 

W                                 00000000
WR                                00000001
WREN                              00000002
WRERR                             00000003
Z                                 00000002
_CONFIG                           00002007
_CP_OFF                           00003FFF
_CP_ON                            0000000F
_DEVID1                           00002006
_FOSC_EXTRC                       00003FFF
_FOSC_HS                          00003FFE
_FOSC_LP                          00003FFC
_FOSC_XT                          00003FFD
_HS_OSC                           00003FFE
_IDLOC0                           00002000
_IDLOC1                           00002001
_IDLOC2                           00002002
_IDLOC3                           00002003
_LP_OSC                           00003FFC
_PWRTE_OFF                        00003FFF
_PWRTE_ON                         00003FF7
_RC_OSC                           00003FFF
_WDTE_OFF                         00003FFB
_WDTE_ON                          00003FFF
_WDT_OFF                          00003FFB
_WDT_ON                           00003FFF
_XT_OSC                           00003FFD
__16F84A                          00000001


MEMORY USAGE MAP ('X' = Used,  '-' = Unused)

0000 : XXXXXXXXXXXXXXXX XXXXXXXXXXXXXXXX XXXXXXXXXXXXXXXX XXXXXXXXXXXXXXXX
0040 : XXXXXXXXXXXXXX-- ---------------- ---------------- ----------------
2000 : -------X-------- ---------------- ---------------- ----------------

All other memory blocks unused.

Program Memory Words Used:    78
Program Memory Words Free:   946


Errors   :     0
Warnings :    11 reported,     0 suppressed
Messages :     0 reported,     0 suppressed

