MPASM 5.66                 CRONOMETRO-V2.ASM   5-14-2016  19:58:44         PAGE  1


LOC  OBJECT CODE     LINE SOURCE TEXT
  VALUE

                      00001   list p=16f887
                      00002 #include "p16f887.inc"
                      00001         LIST
                      00002 
                      00003 ;==========================================================================
                      00004 ; Build date : Feb 01 2016
                      00005 ;  MPASM PIC16F887 processor include
                      00006 ; 
                      00007 ;  (c) Copyright 1999-2016 Microchip Technology, All rights reserved
                      00008 ;==========================================================================
                      00009 
                      00810         LIST
                      00003 
                      00004 ; CONFIG1
                      00005 ; __config 0xFFE1
2007   27E1           00006  __CONFIG _CONFIG1, _FOSC_XT & _WDTE_OFF & _PWRTE_ON & _MCLRE_ON & _CP_OFF & _CPD_OFF & _BOREN_ON & _IES
                            O_ON & _FCMEN_OFF & _LVP_OFF
                      00007 ; CONFIG2
                      00008 ; __config 0xFFFF
2008   3FFF           00009  __CONFIG _CONFIG2, _BOR4V_BOR40V & _WRT_OFF
                      00010 
  00000020            00011 unidad equ 0x20
  00000021            00012 decena equ 0x21
  00000022            00013 centena equ 0x22
  00000023            00014 unmil equ 0x23
  00000024            00015 salto equ 0x24
  00000025            00016 mult equ 0x25
  00000026            00017 bandera equ 0x26
  00000027            00018 N equ 0x27
  00000028            00019 M equ 0x28
                      00020  
Warning[205]: Found directive in column 1. (org)
                      00021 org 0x00
Warning[203]: Found opcode in column 1. (goto)
0000   2???           00022 goto COMIENZO
Warning[205]: Found directive in column 1. (org)
                      00023 org 0x04
Warning[203]: Found opcode in column 1. (goto)
0004   2???           00024 goto INTERRUPCION
                      00025  
                      00026  
0005                  00027 COMIENZO
0005   1683           00028     bsf STATUS,RP0 ; banco 1
Message[302]: Register in operand not in bank 0.  Ensure that bank bits are correct.
0006   0188           00029     clrf TRISD ; portd como salida
Message[302]: Register in operand not in bank 0.  Ensure that bank bits are correct.
0007   0187           00030     clrf TRISC
0008   3003           00031     movlw b'00000011'
Message[302]: Register in operand not in bank 0.  Ensure that bank bits are correct.
0009   0081           00032     movwf OPTION_REG
000A   30B0           00033     movlw b'10110000'
000B   008B           00034     movwf INTCON ;habilito interrupciones
000C   1703           00035     bsf STATUS,RP1 ;banco 3
MPASM 5.66                 CRONOMETRO-V2.ASM   5-14-2016  19:58:44         PAGE  2


LOC  OBJECT CODE     LINE SOURCE TEXT
  VALUE

Message[302]: Register in operand not in bank 0.  Ensure that bank bits are correct.
000D   0189           00036     clrf ANSELH ; e/s digital en puerto b
000E   1303           00037     bcf STATUS,RP1
000F   1283           00038     bcf STATUS,RP0 ;banco 0
0010   3064           00039     movlw d'100'
0011   0081           00040     movwf TMR0 ;inicializo timer 0 (5ms)
0012   01A0           00041     clrf unidad
0013   01A1           00042     clrf decena
0014   01A2           00043     clrf centena
0015   01A3           00044     clrf unmil
0016   01A4           00045     clrf salto
0017   01A6           00046     clrf bandera
0018   3004           00047     movlw d'4'
0019   00A5           00048     movwf mult
                      00049 
001A                  00050 PRINCIPAL
001A   0000           00051     nop
001B   2???           00052     goto PRINCIPAL
                      00053     
001C                  00054 INTERRUPCION
001C   188B           00055     btfsc INTCON,INTF ; ¿fue interrupcion externa?
001D   2???           00056     goto EXTERNA ;si
001E   2???           00057     goto TIMER ;no
                      00058     
001F                  00059 TIMER
001F   3064           00060     movlw d'100'
0020   0081           00061     movwf TMR0 ;inicializo timer 0
0021   2???           00062     call REFRESCO ; actualiza los displays con los nuevos valores
0022   0BA5           00063     decfsz mult,1
0023   2???           00064     goto FIN
0024   1C26           00065     btfss bandera,0 ;¿se activo el cronometro?
0025   2???           00066     goto FIN ;no, se detiene o no comienza la cuenta
0026   2???           00067     call INCREMENTO ; bandera en alto: incrementa los digitos del cronometro
0027                  00068 FIN
0027   2???           00069     call CAMBIOSALTO ; cambia el salto para habilitar el display siguiente
0028   110B           00070     bcf INTCON,T0IF
0029   0009           00071     retfie
                      00072     
002A                  00073 INCREMENTO
002A   2???           00074     call INCUNIDAD
002B   1903           00075     btfsc STATUS,Z
002C   2???           00076     call INCDECENA
002D   1903           00077     btfsc STATUS,Z
002E   2???           00078     call INCCENTENA
002F   1903           00079     btfsc STATUS,Z
0030   2???           00080     call INCUNMIL
0031   3004           00081     movlw d'4'
0032   00A5           00082     movwf mult
0033   0008           00083     return
                      00084     
0034                  00085 TABLA
0034   0782           00086     addwf PCL,1
0035   343F           00087     retlw b'00111111'
MPASM 5.66                 CRONOMETRO-V2.ASM   5-14-2016  19:58:44         PAGE  3


LOC  OBJECT CODE     LINE SOURCE TEXT
  VALUE

0036   3406           00088     retlw b'00000110'
0037   345B           00089     retlw b'01011011'
0038   344F           00090     retlw b'01001111'
0039   3466           00091     retlw b'01100110'
003A   346D           00092     retlw b'01101101'
003B   347D           00093     retlw b'01111101'
003C   3407           00094     retlw b'00000111'
003D   347F           00095     retlw b'01111111'
003E   346F           00096     retlw b'01101111'
                      00097     
003F                  00098 REFRESCO
003F   0824           00099     movf salto,0
0040   0782           00100     addwf PCL,1
0041   2???           00101     goto D1 ; habilito display 1 (unidad)
0042   2???           00102     goto D2 ; habilito display 2 (decena)
0043   2???           00103     goto D3 ; habilito display 3 (centena)
0044   2???           00104     goto D4 ; habilito display 4 (unmil)
                      00105     
0045                  00106 D1
0045   0187           00107     clrf PORTC
0046   0820           00108     movf unidad,0
0047   2???           00109     call TABLA
0048   0088           00110     movwf PORTD
0049   1707           00111     bsf PORTC,6
004A   0008           00112     return
                      00113     
004B                  00114 D2
004B   0187           00115     clrf PORTC
004C   0821           00116     movf decena,0
004D   2???           00117     call TABLA
004E   0088           00118     movwf PORTD
004F   1787           00119     bsf PORTC,7
0050   0008           00120     return
                      00121     
0051                  00122 D3
0051   0187           00123     clrf PORTC
0052   0822           00124     movf centena,0
0053   2???           00125     call TABLA
0054   0088           00126     movwf PORTD
0055   1687           00127     bsf PORTC,5
0056   0008           00128     return
                      00129     
0057                  00130 D4
0057   0187           00131     clrf PORTC
0058   0823           00132     movf unmil,0
0059   2???           00133     call TABLA
005A   0088           00134     movwf PORTD
005B   1607           00135     bsf PORTC,4
005C   0008           00136     return
                      00137     
                      00138     
005D                  00139 CAMBIOSALTO
005D   0AA4           00140     incf salto,1
MPASM 5.66                 CRONOMETRO-V2.ASM   5-14-2016  19:58:44         PAGE  4


LOC  OBJECT CODE     LINE SOURCE TEXT
  VALUE

005E   3004           00141     movlw d'4'
005F   0624           00142     xorwf salto,0
0060   1903           00143     btfsc STATUS,Z
0061   01A4           00144     clrf salto
0062   0008           00145     return
                      00146     
0063                  00147 INCUNIDAD
0063   0AA0           00148     incf unidad,1
0064   300A           00149     movlw d'10'
0065   0620           00150     xorwf unidad,0
0066   1903           00151     btfsc STATUS,Z
0067   01A0           00152     clrf unidad
0068   0008           00153     return
                      00154     
0069                  00155 INCDECENA
0069   0AA1           00156     incf decena,1
006A   300A           00157     movlw d'10'
006B   0621           00158     xorwf decena,0
006C   1903           00159     btfsc STATUS,Z
006D   01A1           00160     clrf decena
006E   0008           00161     return
                      00162     
006F                  00163 INCCENTENA
006F   0AA2           00164     incf centena,1
0070   300A           00165     movlw d'10'
0071   0622           00166     xorwf centena,0
0072   1903           00167     btfsc STATUS,Z
0073   01A2           00168     clrf centena
0074   0008           00169     return
                      00170     
0075                  00171 INCUNMIL
0075   0AA3           00172     incf unmil,1
0076   3006           00173     movlw d'6'
0077   0623           00174     xorwf unmil,0
0078   1903           00175     btfsc STATUS,Z
0079   01A3           00176     clrf unmil
007A   0008           00177     return
                      00178     
007B                  00179 EXTERNA
007B   2???           00180     call RETARDO ;retardo de aprox 5ms
007C   1806           00181     btfsc PORTB,0
007D   2???           00182     goto FIN2
007E   2???           00183     call RETARDO
007F   1806           00184     btfsc PORTB,0
0080   2???           00185     goto FIN2
0081   3001           00186     movlw b'00000001'
0082   06A6           00187     xorwf bandera,1
0083   1C26           00188     btfss bandera,0 ; si el bit 0 esta en bajo, se detiene la cuenta pero no borramos nada. si esta en a
                            lto, borramos todo y comenzamos a contar
0084   2???           00189     goto FIN2
0085   01A0           00190     clrf unidad
0086   01A1           00191     clrf decena
0087   01A2           00192     clrf centena
MPASM 5.66                 CRONOMETRO-V2.ASM   5-14-2016  19:58:44         PAGE  5


LOC  OBJECT CODE     LINE SOURCE TEXT
  VALUE

0088   01A3           00193     clrf unmil
0089                  00194 FIN2
0089   108B           00195     bcf INTCON,INTF
008A   0009           00196     retfie
                      00197     
008B                  00198 RETARDO
008B   3009           00199     movlw d'9'
008C   00A8           00200     movwf M
008D                  00201 BUCLE2
008D   30B4           00202     movlw d'180'
008E   00A7           00203     movwf N
008F                  00204 BUCLE1
008F   0BA7           00205     decfsz N,1
0090   2???           00206     goto BUCLE1
0091   0BA8           00207     decfsz M,1
0092   2???           00208     goto BUCLE2
0093   0008           00209     return
                      00210     
Warning[205]: Found directive in column 1. (end)
27E1 3FFF             00211 end
MPASM 5.66                 CRONOMETRO-V2.ASM   5-14-2016  19:58:44         PAGE  6


SYMBOL TABLE
  LABEL                             VALUE 

ABDEN                             00000000
ABDOVF                            00000007
ACKDT                             00000005
ACKEN                             00000004
ACKSTAT                           00000006
ADCON0                            0000001F
ADCON1                            0000009F
ADCS0                             00000006
ADCS1                             00000007
ADDEN                             00000003
ADFM                              00000007
ADIE                              00000006
ADIF                              00000006
ADON                              00000000
ADRESH                            0000001E
ADRESL                            0000009E
ANS0                              00000000
ANS1                              00000001
ANS10                             00000002
ANS11                             00000003
ANS12                             00000004
ANS13                             00000005
ANS2                              00000002
ANS3                              00000003
ANS4                              00000004
ANS5                              00000005
ANS6                              00000006
ANS7                              00000007
ANS8                              00000000
ANS9                              00000001
ANSEL                             00000188
ANSELH                            00000189
BAUDCTL                           00000187
BCLIE                             00000003
BCLIF                             00000003
BF                                00000000
BRG0                              00000000
BRG1                              00000001
BRG10                             00000002
BRG11                             00000003
BRG12                             00000004
BRG13                             00000005
BRG14                             00000006
BRG15                             00000007
BRG16                             00000003
BRG2                              00000002
BRG3                              00000003
BRG4                              00000004
BRG5                              00000005
BRG6                              00000006
BRG7                              00000007
BRG8                              00000000
BRG9                              00000001
MPASM 5.66                 CRONOMETRO-V2.ASM   5-14-2016  19:58:44         PAGE  7


SYMBOL TABLE
  LABEL                             VALUE 

BRGH                              00000002
BUCLE1                            0000008F
BUCLE2                            0000008D
C                                 00000000
C1CH0                             00000000
C1CH1                             00000001
C1IE                              00000005
C1IF                              00000005
C1OE                              00000005
C1ON                              00000007
C1OUT                             00000006
C1POL                             00000004
C1R                               00000002
C1RSEL                            00000005
C1SEN                             00000005
C2CH0                             00000000
C2CH1                             00000001
C2IE                              00000006
C2IF                              00000006
C2OE                              00000005
C2ON                              00000007
C2OUT                             00000006
C2POL                             00000004
C2R                               00000002
C2REN                             00000004
C2RSEL                            00000004
C2SYNC                            00000000
CAMBIOSALTO                       0000005D
CCP1CON                           00000017
CCP1IE                            00000002
CCP1IF                            00000002
CCP1M0                            00000000
CCP1M1                            00000001
CCP1M2                            00000002
CCP1M3                            00000003
CCP1X                             00000005
CCP1Y                             00000004
CCP2CON                           0000001D
CCP2IE                            00000000
CCP2IF                            00000000
CCP2M0                            00000000
CCP2M1                            00000001
CCP2M2                            00000002
CCP2M3                            00000003
CCP2X                             00000005
CCP2Y                             00000004
CCPR1                             00000015
CCPR1H                            00000016
CCPR1L                            00000015
CCPR2                             0000001B
CCPR2H                            0000001C
CCPR2L                            0000001B
CHS0                              00000002
MPASM 5.66                 CRONOMETRO-V2.ASM   5-14-2016  19:58:44         PAGE  8


SYMBOL TABLE
  LABEL                             VALUE 

CHS1                              00000003
CHS2                              00000004
CHS3                              00000005
CKE                               00000006
CKP                               00000004
CM1CON0                           00000107
CM2CON0                           00000108
CM2CON1                           00000109
COMIENZO                          00000005
CREN                              00000004
CSRC                              00000007
D                                 00000005
D1                                00000045
D2                                0000004B
D3                                00000051
D4                                00000057
DATA_ADDRESS                      00000005
DC                                00000001
DC1B0                             00000004
DC1B1                             00000005
DC2B0                             00000004
DC2B1                             00000005
D_A                               00000005
D_NOT_A                           00000005
ECCPAS                            0000009C
ECCPAS0                           00000004
ECCPAS1                           00000005
ECCPAS2                           00000006
ECCPASE                           00000007
EEADR                             0000010D
EEADRH                            0000010F
EECON1                            0000018C
EECON2                            0000018D
EEDAT                             0000010C
EEDATA                            0000010C
EEDATH                            0000010E
EEIE                              00000004
EEIF                              00000004
EEPGD                             00000007
EXTERNA                           0000007B
F                                 00000001
FERR                              00000002
FIN                               00000027
FIN2                              00000089
FSR                               00000004
FVREN                             00000000
GCEN                              00000007
GIE                               00000007
GO                                00000001
GO_DONE                           00000001
GO_NOT_DONE                       00000001
HTS                               00000002
I2C_DATA                          00000005
MPASM 5.66                 CRONOMETRO-V2.ASM   5-14-2016  19:58:44         PAGE  9


SYMBOL TABLE
  LABEL                             VALUE 

I2C_READ                          00000002
I2C_START                         00000003
I2C_STOP                          00000004
INCCENTENA                        0000006F
INCDECENA                         00000069
INCREMENTO                        0000002A
INCUNIDAD                         00000063
INCUNMIL                          00000075
INDF                              00000000
INTCON                            0000000B
INTE                              00000004
INTEDG                            00000006
INTERRUPCION                      0000001C
INTF                              00000001
IOCB                              00000096
IOCB0                             00000000
IOCB1                             00000001
IOCB2                             00000002
IOCB3                             00000003
IOCB4                             00000004
IOCB5                             00000005
IOCB6                             00000006
IOCB7                             00000007
IRCF0                             00000004
IRCF1                             00000005
IRCF2                             00000006
IRP                               00000007
LTS                               00000001
M                                 00000028
MC1OUT                            00000007
MC2OUT                            00000006
MSK                               00000093
MSK0                              00000000
MSK1                              00000001
MSK2                              00000002
MSK3                              00000003
MSK4                              00000004
MSK5                              00000005
MSK6                              00000006
MSK7                              00000007
N                                 00000027
NOT_A                             00000005
NOT_ADDRESS                       00000005
NOT_BO                            00000000
NOT_BOR                           00000000
NOT_DONE                          00000001
NOT_PD                            00000003
NOT_POR                           00000001
NOT_RBPU                          00000007
NOT_RC8                           00000006
NOT_T1SYNC                        00000002
NOT_TO                            00000004
NOT_TX8                           00000006
MPASM 5.66                 CRONOMETRO-V2.ASM   5-14-2016  19:58:44         PAGE 10


SYMBOL TABLE
  LABEL                             VALUE 

NOT_W                             00000002
NOT_WRITE                         00000002
OERR                              00000001
OPTION_REG                        00000081
OSCCON                            0000008F
OSCTUNE                           00000090
OSFIE                             00000007
OSFIF                             00000007
OSTS                              00000003
P                                 00000004
P1M0                              00000006
P1M1                              00000007
PCL                               00000002
PCLATH                            0000000A
PCON                              0000008E
PDC0                              00000000
PDC1                              00000001
PDC2                              00000002
PDC3                              00000003
PDC4                              00000004
PDC5                              00000005
PDC6                              00000006
PEIE                              00000006
PEN                               00000002
PIE1                              0000008C
PIE2                              0000008D
PIR1                              0000000C
PIR2                              0000000D
PORTA                             00000005
PORTB                             00000006
PORTC                             00000007
PORTD                             00000008
PORTE                             00000009
PR2                               00000092
PRINCIPAL                         0000001A
PRSEN                             00000007
PS0                               00000000
PS1                               00000001
PS2                               00000002
PSA                               00000003
PSSAC0                            00000002
PSSAC1                            00000003
PSSBD0                            00000000
PSSBD1                            00000001
PSTRCON                           0000009D
PULSR                             00000002
PULSS                             00000003
PWM1CON                           0000009B
R                                 00000002
RA0                               00000000
RA1                               00000001
RA2                               00000002
RA3                               00000003
MPASM 5.66                 CRONOMETRO-V2.ASM   5-14-2016  19:58:44         PAGE 11


SYMBOL TABLE
  LABEL                             VALUE 

RA4                               00000004
RA5                               00000005
RA6                               00000006
RA7                               00000007
RB0                               00000000
RB1                               00000001
RB2                               00000002
RB3                               00000003
RB4                               00000004
RB5                               00000005
RB6                               00000006
RB7                               00000007
RBIE                              00000003
RBIF                              00000000
RC0                               00000000
RC1                               00000001
RC2                               00000002
RC3                               00000003
RC4                               00000004
RC5                               00000005
RC6                               00000006
RC7                               00000007
RC8_9                             00000006
RC9                               00000006
RCD8                              00000000
RCEN                              00000003
RCIDL                             00000006
RCIE                              00000005
RCIF                              00000005
RCREG                             0000001A
RCSTA                             00000018
RD                                00000000
RD0                               00000000
RD1                               00000001
RD2                               00000002
RD3                               00000003
RD4                               00000004
RD5                               00000005
RD6                               00000006
RD7                               00000007
RE0                               00000000
RE1                               00000001
RE2                               00000002
RE3                               00000003
READ_WRITE                        00000002
REFRESCO                          0000003F
RETARDO                           0000008B
RP0                               00000005
RP1                               00000006
RSEN                              00000001
RX9                               00000006
RX9D                              00000000
R_NOT_W                           00000002
MPASM 5.66                 CRONOMETRO-V2.ASM   5-14-2016  19:58:44         PAGE 12


SYMBOL TABLE
  LABEL                             VALUE 

R_W                               00000002
S                                 00000003
SBOREN                            00000004
SCKP                              00000004
SCS                               00000000
SEN                               00000000
SENDB                             00000003
SMP                               00000007
SPBRG                             00000099
SPBRGH                            0000009A
SPEN                              00000007
SR0                               00000006
SR1                               00000007
SRCON                             00000185
SREN                              00000005
SSPADD                            00000093
SSPBUF                            00000013
SSPCON                            00000014
SSPCON2                           00000091
SSPEN                             00000005
SSPIE                             00000003
SSPIF                             00000003
SSPM0                             00000000
SSPM1                             00000001
SSPM2                             00000002
SSPM3                             00000003
SSPMSK                            00000093
SSPOV                             00000006
SSPSTAT                           00000094
STATUS                            00000003
STRA                              00000000
STRB                              00000001
STRC                              00000002
STRD                              00000003
STRSYNC                           00000004
SWDTEN                            00000000
SYNC                              00000004
T0CS                              00000005
T0IE                              00000005
T0IF                              00000002
T0SE                              00000004
T1CKPS0                           00000004
T1CKPS1                           00000005
T1CON                             00000010
T1GINV                            00000007
T1GIV                             00000007
T1GSS                             00000001
T1INSYNC                          00000002
T1OSCEN                           00000003
T1SYNC                            00000002
T2CKPS0                           00000000
T2CKPS1                           00000001
T2CON                             00000012
MPASM 5.66                 CRONOMETRO-V2.ASM   5-14-2016  19:58:44         PAGE 13


SYMBOL TABLE
  LABEL                             VALUE 

TABLA                             00000034
TIMER                             0000001F
TMR0                              00000001
TMR0IE                            00000005
TMR0IF                            00000002
TMR1                              0000000E
TMR1CS                            00000001
TMR1GE                            00000006
TMR1H                             0000000F
TMR1IE                            00000000
TMR1IF                            00000000
TMR1L                             0000000E
TMR1ON                            00000000
TMR2                              00000011
TMR2IE                            00000001
TMR2IF                            00000001
TMR2ON                            00000002
TOUTPS0                           00000003
TOUTPS1                           00000004
TOUTPS2                           00000005
TOUTPS3                           00000006
TRISA                             00000085
TRISA0                            00000000
TRISA1                            00000001
TRISA2                            00000002
TRISA3                            00000003
TRISA4                            00000004
TRISA5                            00000005
TRISA6                            00000006
TRISA7                            00000007
TRISB                             00000086
TRISB0                            00000000
TRISB1                            00000001
TRISB2                            00000002
TRISB3                            00000003
TRISB4                            00000004
TRISB5                            00000005
TRISB6                            00000006
TRISB7                            00000007
TRISC                             00000087
TRISC0                            00000000
TRISC1                            00000001
TRISC2                            00000002
TRISC3                            00000003
TRISC4                            00000004
TRISC5                            00000005
TRISC6                            00000006
TRISC7                            00000007
TRISD                             00000088
TRISD0                            00000000
TRISD1                            00000001
TRISD2                            00000002
TRISD3                            00000003
MPASM 5.66                 CRONOMETRO-V2.ASM   5-14-2016  19:58:44         PAGE 14


SYMBOL TABLE
  LABEL                             VALUE 

TRISD4                            00000004
TRISD5                            00000005
TRISD6                            00000006
TRISD7                            00000007
TRISE                             00000089
TRISE0                            00000000
TRISE1                            00000001
TRISE2                            00000002
TRISE3                            00000003
TRMT                              00000001
TUN0                              00000000
TUN1                              00000001
TUN2                              00000002
TUN3                              00000003
TUN4                              00000004
TX8_9                             00000006
TX9                               00000006
TX9D                              00000000
TXD8                              00000000
TXEN                              00000005
TXIE                              00000004
TXIF                              00000004
TXREG                             00000019
TXSTA                             00000098
UA                                00000001
ULPWUE                            00000005
ULPWUIE                           00000002
ULPWUIF                           00000002
VCFG0                             00000004
VCFG1                             00000005
VR0                               00000000
VR1                               00000001
VR2                               00000002
VR3                               00000003
VRCON                             00000097
VREN                              00000007
VROE                              00000006
VRR                               00000005
VRSS                              00000004
W                                 00000000
WCOL                              00000007
WDTCON                            00000105
WDTPS0                            00000001
WDTPS1                            00000002
WDTPS2                            00000003
WDTPS3                            00000004
WPUB                              00000095
WPUB0                             00000000
WPUB1                             00000001
WPUB2                             00000002
WPUB3                             00000003
WPUB4                             00000004
WPUB5                             00000005
MPASM 5.66                 CRONOMETRO-V2.ASM   5-14-2016  19:58:44         PAGE 15


SYMBOL TABLE
  LABEL                             VALUE 

WPUB6                             00000006
WPUB7                             00000007
WR                                00000001
WREN                              00000002
WRERR                             00000003
WUE                               00000001
Z                                 00000002
_BOR21V                           00003EFF
_BOR40V                           00003FFF
_BOR4V_BOR21V                     00003EFF
_BOR4V_BOR40V                     00003FFF
_BOREN_NSLEEP                     00003EFF
_BOREN_OFF                        00003CFF
_BOREN_ON                         00003FFF
_BOREN_SBODEN                     00003DFF
_BOR_NSLEEP                       00003EFF
_BOR_OFF                          00003CFF
_BOR_ON                           00003FFF
_BOR_SBODEN                       00003DFF
_CONFIG1                          00002007
_CONFIG2                          00002008
_CPD_OFF                          00003FFF
_CPD_ON                           00003F7F
_CP_OFF                           00003FFF
_CP_ON                            00003FBF
_DEBUG_OFF                        00003FFF
_DEBUG_ON                         00001FFF
_DEVID1                           00002006
_EC_OSC                           00003FFB
_EXTRC                            00003FFF
_EXTRCIO                          00003FFE
_EXTRC_OSC_CLKOUT                 00003FFF
_EXTRC_OSC_NOCLKOUT               00003FFE
_FCMEN_OFF                        000037FF
_FCMEN_ON                         00003FFF
_FOSC_EC                          00003FFB
_FOSC_EXTRC_CLKOUT                00003FFF
_FOSC_EXTRC_NOCLKOUT              00003FFE
_FOSC_HS                          00003FFA
_FOSC_INTRC_CLKOUT                00003FFD
_FOSC_INTRC_NOCLKOUT              00003FFC
_FOSC_LP                          00003FF8
_FOSC_XT                          00003FF9
_HS_OSC                           00003FFA
_IDLOC0                           00002000
_IDLOC1                           00002001
_IDLOC2                           00002002
_IDLOC3                           00002003
_IESO_OFF                         00003BFF
_IESO_ON                          00003FFF
_INTOSC                           00003FFD
_INTOSCIO                         00003FFC
_INTRC_OSC_CLKOUT                 00003FFD
MPASM 5.66                 CRONOMETRO-V2.ASM   5-14-2016  19:58:44         PAGE 16


SYMBOL TABLE
  LABEL                             VALUE 

_INTRC_OSC_NOCLKOUT               00003FFC
_LP_OSC                           00003FF8
_LVP_OFF                          00002FFF
_LVP_ON                           00003FFF
_MCLRE_OFF                        00003FDF
_MCLRE_ON                         00003FFF
_PWRTE_OFF                        00003FFF
_PWRTE_ON                         00003FEF
_WDTE_OFF                         00003FF7
_WDTE_ON                          00003FFF
_WDT_OFF                          00003FF7
_WDT_ON                           00003FFF
_WRT_1FOURTH                      00003BFF
_WRT_256                          00003DFF
_WRT_HALF                         000039FF
_WRT_OFF                          00003FFF
_XT_OSC                           00003FF9
__16F887                          00000001
bandera                           00000026
centena                           00000022
decena                            00000021
mult                              00000025
salto                             00000024
unidad                            00000020
unmil                             00000023

Errors   :     0
Warnings :     5 reported,     0 suppressed
Messages :     4 reported,     0 suppressed

