Warning[205] C:\USERS\IVAN__000\DESKTOP\DIGITAL 2\PROYECTOFINAL-V5.3.X\PROYECTOFINAL-V5.3.ASM 110 : Found directive in column 1. (org)
Warning[205] C:\USERS\IVAN__000\DESKTOP\DIGITAL 2\PROYECTOFINAL-V5.3.X\PROYECTOFINAL-V5.3.ASM 112 : Found directive in column 1. (org)
Message[302] C:\USERS\IVAN__000\DESKTOP\DIGITAL 2\PROYECTOFINAL-V5.3.X\PROYECTOFINAL-V5.3.ASM 125 : Register in operand not in bank 0.  Ensure that bank bits are correct.
Message[302] C:\USERS\IVAN__000\DESKTOP\DIGITAL 2\PROYECTOFINAL-V5.3.X\PROYECTOFINAL-V5.3.ASM 126 : Register in operand not in bank 0.  Ensure that bank bits are correct.
Message[302] C:\USERS\IVAN__000\DESKTOP\DIGITAL 2\PROYECTOFINAL-V5.3.X\PROYECTOFINAL-V5.3.ASM 128 : Register in operand not in bank 0.  Ensure that bank bits are correct.
Message[302] C:\USERS\IVAN__000\DESKTOP\DIGITAL 2\PROYECTOFINAL-V5.3.X\PROYECTOFINAL-V5.3.ASM 130 : Register in operand not in bank 0.  Ensure that bank bits are correct.
Message[302] C:\USERS\IVAN__000\DESKTOP\DIGITAL 2\PROYECTOFINAL-V5.3.X\PROYECTOFINAL-V5.3.ASM 133 : Register in operand not in bank 0.  Ensure that bank bits are correct.
Message[302] C:\USERS\IVAN__000\DESKTOP\DIGITAL 2\PROYECTOFINAL-V5.3.X\PROYECTOFINAL-V5.3.ASM 135 : Register in operand not in bank 0.  Ensure that bank bits are correct.
Message[302] C:\USERS\IVAN__000\DESKTOP\DIGITAL 2\PROYECTOFINAL-V5.3.X\PROYECTOFINAL-V5.3.ASM 137 : Register in operand not in bank 0.  Ensure that bank bits are correct.
Message[302] C:\USERS\IVAN__000\DESKTOP\DIGITAL 2\PROYECTOFINAL-V5.3.X\PROYECTOFINAL-V5.3.ASM 138 : Register in operand not in bank 0.  Ensure that bank bits are correct.
Message[302] C:\USERS\IVAN__000\DESKTOP\DIGITAL 2\PROYECTOFINAL-V5.3.X\PROYECTOFINAL-V5.3.ASM 139 : Register in operand not in bank 0.  Ensure that bank bits are correct.
Message[302] C:\USERS\IVAN__000\DESKTOP\DIGITAL 2\PROYECTOFINAL-V5.3.X\PROYECTOFINAL-V5.3.ASM 140 : Register in operand not in bank 0.  Ensure that bank bits are correct.
Message[302] C:\USERS\IVAN__000\DESKTOP\DIGITAL 2\PROYECTOFINAL-V5.3.X\PROYECTOFINAL-V5.3.ASM 141 : Register in operand not in bank 0.  Ensure that bank bits are correct.
Message[302] C:\USERS\IVAN__000\DESKTOP\DIGITAL 2\PROYECTOFINAL-V5.3.X\PROYECTOFINAL-V5.3.ASM 143 : Register in operand not in bank 0.  Ensure that bank bits are correct.
Message[302] C:\USERS\IVAN__000\DESKTOP\DIGITAL 2\PROYECTOFINAL-V5.3.X\PROYECTOFINAL-V5.3.ASM 145 : Register in operand not in bank 0.  Ensure that bank bits are correct.
Message[302] C:\USERS\IVAN__000\DESKTOP\DIGITAL 2\PROYECTOFINAL-V5.3.X\PROYECTOFINAL-V5.3.ASM 147 : Register in operand not in bank 0.  Ensure that bank bits are correct.
Message[302] C:\USERS\IVAN__000\DESKTOP\DIGITAL 2\PROYECTOFINAL-V5.3.X\PROYECTOFINAL-V5.3.ASM 361 : Register in operand not in bank 0.  Ensure that bank bits are correct.
Message[305] C:\USERS\IVAN__000\DESKTOP\DIGITAL 2\PROYECTOFINAL-V5.3.X\PROYECTOFINAL-V5.3.ASM 565 : Using default destination of 1 (file).
Message[305] C:\USERS\IVAN__000\DESKTOP\DIGITAL 2\PROYECTOFINAL-V5.3.X\PROYECTOFINAL-V5.3.ASM 787 : Using default destination of 1 (file).
Message[305] C:\USERS\IVAN__000\DESKTOP\DIGITAL 2\PROYECTOFINAL-V5.3.X\PROYECTOFINAL-V5.3.ASM 788 : Using default destination of 1 (file).
Warning[205] C:\USERS\IVAN__000\DESKTOP\DIGITAL 2\PROYECTOFINAL-V5.3.X\USOTECLADO.INC 1 : Found directive in column 1. (org)
Message[305] C:\USERS\IVAN__000\DESKTOP\DIGITAL 2\PROYECTOFINAL-V5.3.X\CARGADEDATOS.INC 4 : Using default destination of 1 (file).
Message[305] C:\USERS\IVAN__000\DESKTOP\DIGITAL 2\PROYECTOFINAL-V5.3.X\CARGADEDATOS.INC 29 : Using default destination of 1 (file).
Message[305] C:\USERS\IVAN__000\DESKTOP\DIGITAL 2\PROYECTOFINAL-V5.3.X\CARGADEDATOS.INC 44 : Using default destination of 1 (file).
Message[305] C:\USERS\IVAN__000\DESKTOP\DIGITAL 2\PROYECTOFINAL-V5.3.X\CARGADEDATOS.INC 59 : Using default destination of 1 (file).
Warning[205] C:\USERS\IVAN__000\DESKTOP\DIGITAL 2\PROYECTOFINAL-V5.3.X\CARGADEDATOS.INC 312 : Found directive in column 1. (org)
Warning[205] C:\USERS\IVAN__000\DESKTOP\DIGITAL 2\PROYECTOFINAL-V5.3.X\CARGADEDATOS.INC 593 : Found directive in column 1. (org)
Warning[205] C:\USERS\IVAN__000\DESKTOP\DIGITAL 2\PROYECTOFINAL-V5.3.X\CARGADEDATOS.INC 876 : Found directive in column 1. (org)
Warning[205] C:\USERS\IVAN__000\DESKTOP\DIGITAL 2\PROYECTOFINAL-V5.3.X\PROYECTOFINAL-V5.3.ASM 807 : Found directive in column 1. (end)
