Warning[205] D:\ELECTRONICA DIGITAL 2\PROYECTOS DE EJEMPLO\EJERCICIO31.X\EJERCICIO31.ASM 15 : Found directive in column 1. (org)
Warning[203] D:\ELECTRONICA DIGITAL 2\PROYECTOS DE EJEMPLO\EJERCICIO31.X\EJERCICIO31.ASM 16 : Found opcode in column 1. (goto)
Warning[205] D:\ELECTRONICA DIGITAL 2\PROYECTOS DE EJEMPLO\EJERCICIO31.X\EJERCICIO31.ASM 17 : Found directive in column 1. (org)
Warning[203] D:\ELECTRONICA DIGITAL 2\PROYECTOS DE EJEMPLO\EJERCICIO31.X\EJERCICIO31.ASM 22 : Found opcode in column 1. (bsf)
Warning[203] D:\ELECTRONICA DIGITAL 2\PROYECTOS DE EJEMPLO\EJERCICIO31.X\EJERCICIO31.ASM 23 : Found opcode in column 1. (bsf)
Warning[203] D:\ELECTRONICA DIGITAL 2\PROYECTOS DE EJEMPLO\EJERCICIO31.X\EJERCICIO31.ASM 24 : Found opcode in column 1. (clrf)
Message[302] D:\ELECTRONICA DIGITAL 2\PROYECTOS DE EJEMPLO\EJERCICIO31.X\EJERCICIO31.ASM 24 : Register in operand not in bank 0.  Ensure that bank bits are correct.
Warning[203] D:\ELECTRONICA DIGITAL 2\PROYECTOS DE EJEMPLO\EJERCICIO31.X\EJERCICIO31.ASM 25 : Found opcode in column 1. (movlw)
Warning[203] D:\ELECTRONICA DIGITAL 2\PROYECTOS DE EJEMPLO\EJERCICIO31.X\EJERCICIO31.ASM 26 : Found opcode in column 1. (movwf)
Message[302] D:\ELECTRONICA DIGITAL 2\PROYECTOS DE EJEMPLO\EJERCICIO31.X\EJERCICIO31.ASM 26 : Register in operand not in bank 0.  Ensure that bank bits are correct.
Warning[203] D:\ELECTRONICA DIGITAL 2\PROYECTOS DE EJEMPLO\EJERCICIO31.X\EJERCICIO31.ASM 27 : Found opcode in column 1. (bcf)
Message[302] D:\ELECTRONICA DIGITAL 2\PROYECTOS DE EJEMPLO\EJERCICIO31.X\EJERCICIO31.ASM 27 : Register in operand not in bank 0.  Ensure that bank bits are correct.
Warning[203] D:\ELECTRONICA DIGITAL 2\PROYECTOS DE EJEMPLO\EJERCICIO31.X\EJERCICIO31.ASM 28 : Found opcode in column 1. (bsf)
Message[302] D:\ELECTRONICA DIGITAL 2\PROYECTOS DE EJEMPLO\EJERCICIO31.X\EJERCICIO31.ASM 28 : Register in operand not in bank 0.  Ensure that bank bits are correct.
Warning[203] D:\ELECTRONICA DIGITAL 2\PROYECTOS DE EJEMPLO\EJERCICIO31.X\EJERCICIO31.ASM 29 : Found opcode in column 1. (bcf)
Warning[203] D:\ELECTRONICA DIGITAL 2\PROYECTOS DE EJEMPLO\EJERCICIO31.X\EJERCICIO31.ASM 30 : Found opcode in column 1. (bcf)
Warning[203] D:\ELECTRONICA DIGITAL 2\PROYECTOS DE EJEMPLO\EJERCICIO31.X\EJERCICIO31.ASM 34 : Found opcode in column 1. (btfsc)
Warning[203] D:\ELECTRONICA DIGITAL 2\PROYECTOS DE EJEMPLO\EJERCICIO31.X\EJERCICIO31.ASM 35 : Found opcode in column 1. (goto)
Warning[203] D:\ELECTRONICA DIGITAL 2\PROYECTOS DE EJEMPLO\EJERCICIO31.X\EJERCICIO31.ASM 36 : Found opcode in column 1. (goto)
Warning[203] D:\ELECTRONICA DIGITAL 2\PROYECTOS DE EJEMPLO\EJERCICIO31.X\EJERCICIO31.ASM 39 : Found opcode in column 1. (bsf)
Warning[203] D:\ELECTRONICA DIGITAL 2\PROYECTOS DE EJEMPLO\EJERCICIO31.X\EJERCICIO31.ASM 40 : Found opcode in column 1. (goto)
Warning[203] D:\ELECTRONICA DIGITAL 2\PROYECTOS DE EJEMPLO\EJERCICIO31.X\EJERCICIO31.ASM 43 : Found opcode in column 1. (bcf)
Warning[203] D:\ELECTRONICA DIGITAL 2\PROYECTOS DE EJEMPLO\EJERCICIO31.X\EJERCICIO31.ASM 44 : Found opcode in column 1. (goto)
Warning[203] D:\ELECTRONICA DIGITAL 2\PROYECTOS DE EJEMPLO\EJERCICIO31.X\EJERCICIO31.ASM 47 : Found opcode in column 1. (btfsc)
Warning[203] D:\ELECTRONICA DIGITAL 2\PROYECTOS DE EJEMPLO\EJERCICIO31.X\EJERCICIO31.ASM 48 : Found opcode in column 1. (goto)
Warning[203] D:\ELECTRONICA DIGITAL 2\PROYECTOS DE EJEMPLO\EJERCICIO31.X\EJERCICIO31.ASM 49 : Found opcode in column 1. (goto)
Warning[203] D:\ELECTRONICA DIGITAL 2\PROYECTOS DE EJEMPLO\EJERCICIO31.X\EJERCICIO31.ASM 52 : Found opcode in column 1. (bsf)
Warning[203] D:\ELECTRONICA DIGITAL 2\PROYECTOS DE EJEMPLO\EJERCICIO31.X\EJERCICIO31.ASM 53 : Found opcode in column 1. (goto)
Warning[203] D:\ELECTRONICA DIGITAL 2\PROYECTOS DE EJEMPLO\EJERCICIO31.X\EJERCICIO31.ASM 56 : Found opcode in column 1. (bcf)
Warning[203] D:\ELECTRONICA DIGITAL 2\PROYECTOS DE EJEMPLO\EJERCICIO31.X\EJERCICIO31.ASM 57 : Found opcode in column 1. (goto)
Warning[205] D:\ELECTRONICA DIGITAL 2\PROYECTOS DE EJEMPLO\EJERCICIO31.X\EJERCICIO31.ASM 59 : Found directive in column 1. (end)
