Warning[205] C:\USERS\IVAN__000\DESKTOP\DIGITAL 2\PRIMERPROYECTO.X\PRIMERPROYECTO.ASM 1 : Found directive in column 1. (list)
Warning[205] C:\USERS\IVAN__000\DESKTOP\DIGITAL 2\PRIMERPROYECTO.X\PRIMERPROYECTO.ASM 12 : Found directive in column 1. (ORG)
Warning[203] C:\USERS\IVAN__000\DESKTOP\DIGITAL 2\PRIMERPROYECTO.X\PRIMERPROYECTO.ASM 14 : Found opcode in column 1. (goto)
Warning[203] C:\USERS\IVAN__000\DESKTOP\DIGITAL 2\PRIMERPROYECTO.X\PRIMERPROYECTO.ASM 17 : Found opcode in column 1. (bcf)
Warning[203] C:\USERS\IVAN__000\DESKTOP\DIGITAL 2\PRIMERPROYECTO.X\PRIMERPROYECTO.ASM 18 : Found opcode in column 1. (bsf)
Warning[203] C:\USERS\IVAN__000\DESKTOP\DIGITAL 2\PRIMERPROYECTO.X\PRIMERPROYECTO.ASM 19 : Found opcode in column 1. (clrf)
Message[302] C:\USERS\IVAN__000\DESKTOP\DIGITAL 2\PRIMERPROYECTO.X\PRIMERPROYECTO.ASM 19 : Register in operand not in bank 0.  Ensure that bank bits are correct.
Warning[203] C:\USERS\IVAN__000\DESKTOP\DIGITAL 2\PRIMERPROYECTO.X\PRIMERPROYECTO.ASM 20 : Found opcode in column 1. (bcf)
Warning[203] C:\USERS\IVAN__000\DESKTOP\DIGITAL 2\PRIMERPROYECTO.X\PRIMERPROYECTO.ASM 23 : Found opcode in column 1. (btfsc)
Warning[203] C:\USERS\IVAN__000\DESKTOP\DIGITAL 2\PRIMERPROYECTO.X\PRIMERPROYECTO.ASM 24 : Found opcode in column 1. (goto)
Warning[203] C:\USERS\IVAN__000\DESKTOP\DIGITAL 2\PRIMERPROYECTO.X\PRIMERPROYECTO.ASM 25 : Found opcode in column 1. (btfss)
Warning[203] C:\USERS\IVAN__000\DESKTOP\DIGITAL 2\PRIMERPROYECTO.X\PRIMERPROYECTO.ASM 26 : Found opcode in column 1. (goto)
Warning[203] C:\USERS\IVAN__000\DESKTOP\DIGITAL 2\PRIMERPROYECTO.X\PRIMERPROYECTO.ASM 29 : Found opcode in column 1. (btfsc)
Warning[203] C:\USERS\IVAN__000\DESKTOP\DIGITAL 2\PRIMERPROYECTO.X\PRIMERPROYECTO.ASM 30 : Found opcode in column 1. (goto)
Warning[203] C:\USERS\IVAN__000\DESKTOP\DIGITAL 2\PRIMERPROYECTO.X\PRIMERPROYECTO.ASM 31 : Found opcode in column 1. (btfss)
Warning[203] C:\USERS\IVAN__000\DESKTOP\DIGITAL 2\PRIMERPROYECTO.X\PRIMERPROYECTO.ASM 32 : Found opcode in column 1. (goto)
Warning[203] C:\USERS\IVAN__000\DESKTOP\DIGITAL 2\PRIMERPROYECTO.X\PRIMERPROYECTO.ASM 35 : Found opcode in column 1. (btfsc)
Warning[203] C:\USERS\IVAN__000\DESKTOP\DIGITAL 2\PRIMERPROYECTO.X\PRIMERPROYECTO.ASM 36 : Found opcode in column 1. (goto)
Warning[203] C:\USERS\IVAN__000\DESKTOP\DIGITAL 2\PRIMERPROYECTO.X\PRIMERPROYECTO.ASM 37 : Found opcode in column 1. (btfss)
Warning[203] C:\USERS\IVAN__000\DESKTOP\DIGITAL 2\PRIMERPROYECTO.X\PRIMERPROYECTO.ASM 38 : Found opcode in column 1. (goto)
Warning[203] C:\USERS\IVAN__000\DESKTOP\DIGITAL 2\PRIMERPROYECTO.X\PRIMERPROYECTO.ASM 41 : Found opcode in column 1. (btfsc)
Warning[203] C:\USERS\IVAN__000\DESKTOP\DIGITAL 2\PRIMERPROYECTO.X\PRIMERPROYECTO.ASM 42 : Found opcode in column 1. (goto)
Warning[203] C:\USERS\IVAN__000\DESKTOP\DIGITAL 2\PRIMERPROYECTO.X\PRIMERPROYECTO.ASM 43 : Found opcode in column 1. (btfss)
Warning[203] C:\USERS\IVAN__000\DESKTOP\DIGITAL 2\PRIMERPROYECTO.X\PRIMERPROYECTO.ASM 44 : Found opcode in column 1. (goto)
Warning[203] C:\USERS\IVAN__000\DESKTOP\DIGITAL 2\PRIMERPROYECTO.X\PRIMERPROYECTO.ASM 47 : Found opcode in column 1. (bsf)
Warning[203] C:\USERS\IVAN__000\DESKTOP\DIGITAL 2\PRIMERPROYECTO.X\PRIMERPROYECTO.ASM 48 : Found opcode in column 1. (goto)
Warning[203] C:\USERS\IVAN__000\DESKTOP\DIGITAL 2\PRIMERPROYECTO.X\PRIMERPROYECTO.ASM 50 : Found opcode in column 1. (bcf)
Warning[203] C:\USERS\IVAN__000\DESKTOP\DIGITAL 2\PRIMERPROYECTO.X\PRIMERPROYECTO.ASM 51 : Found opcode in column 1. (goto)
Warning[203] C:\USERS\IVAN__000\DESKTOP\DIGITAL 2\PRIMERPROYECTO.X\PRIMERPROYECTO.ASM 54 : Found opcode in column 1. (bsf)
Warning[203] C:\USERS\IVAN__000\DESKTOP\DIGITAL 2\PRIMERPROYECTO.X\PRIMERPROYECTO.ASM 55 : Found opcode in column 1. (goto)
Warning[203] C:\USERS\IVAN__000\DESKTOP\DIGITAL 2\PRIMERPROYECTO.X\PRIMERPROYECTO.ASM 57 : Found opcode in column 1. (bcf)
Warning[203] C:\USERS\IVAN__000\DESKTOP\DIGITAL 2\PRIMERPROYECTO.X\PRIMERPROYECTO.ASM 58 : Found opcode in column 1. (goto)
Warning[203] C:\USERS\IVAN__000\DESKTOP\DIGITAL 2\PRIMERPROYECTO.X\PRIMERPROYECTO.ASM 61 : Found opcode in column 1. (bsf)
Warning[203] C:\USERS\IVAN__000\DESKTOP\DIGITAL 2\PRIMERPROYECTO.X\PRIMERPROYECTO.ASM 62 : Found opcode in column 1. (goto)
Warning[203] C:\USERS\IVAN__000\DESKTOP\DIGITAL 2\PRIMERPROYECTO.X\PRIMERPROYECTO.ASM 64 : Found opcode in column 1. (bcf)
Warning[203] C:\USERS\IVAN__000\DESKTOP\DIGITAL 2\PRIMERPROYECTO.X\PRIMERPROYECTO.ASM 65 : Found opcode in column 1. (goto)
Warning[203] C:\USERS\IVAN__000\DESKTOP\DIGITAL 2\PRIMERPROYECTO.X\PRIMERPROYECTO.ASM 68 : Found opcode in column 1. (bsf)
Warning[203] C:\USERS\IVAN__000\DESKTOP\DIGITAL 2\PRIMERPROYECTO.X\PRIMERPROYECTO.ASM 69 : Found opcode in column 1. (goto)
Warning[203] C:\USERS\IVAN__000\DESKTOP\DIGITAL 2\PRIMERPROYECTO.X\PRIMERPROYECTO.ASM 71 : Found opcode in column 1. (bcf)
Warning[203] C:\USERS\IVAN__000\DESKTOP\DIGITAL 2\PRIMERPROYECTO.X\PRIMERPROYECTO.ASM 72 : Found opcode in column 1. (goto)
Warning[205] C:\USERS\IVAN__000\DESKTOP\DIGITAL 2\PRIMERPROYECTO.X\PRIMERPROYECTO.ASM 74 : Found directive in column 1. (end)
